#
# There is insufficient memory for the Java Runtime Environment to continue.
# Native memory allocation (malloc) failed to allocate 40128 bytes for Chunk::new
# Possible reasons:
#   The system is out of physical RAM or swap space
#   In 32 bit mode, the process size limit was hit
# Possible solutions:
#   Reduce memory load on the system
#   Increase physical memory or swap space
#   Check if swap backing store is full
#   Use 64 bit Java on a 64 bit OS
#   Decrease Java heap size (-Xmx/-Xms)
#   Decrease number of Java threads
#   Decrease Java thread stack sizes (-Xss)
#   Set larger code cache with -XX:ReservedCodeCacheSize=
# This output file may be truncated or incomplete.
#
#  Out of Memory Error (allocation.cpp:390), pid=1724, tid=9584
#
# JRE version: Java(TM) SE Runtime Environment (8.0_65-b17) (build 1.8.0_65-b17)
# Java VM: Java HotSpot(TM) 64-Bit Server VM (25.65-b01 mixed mode windows-amd64 compressed oops)
# Failed to write core dump. Minidumps are not enabled by default on client versions of Windows
#

---------------  T H R E A D  ---------------

Current thread (0x00000000155bd800):  JavaThread "C2 CompilerThread0" daemon [_thread_in_native, id=9584, stack(0x0000000016c00000,0x0000000016d00000)]

Stack: [0x0000000016c00000,0x0000000016d00000]
[error occurred during error reporting (printing stack bounds), id 0xc0000005]

Native frames: (J=compiled Java code, j=interpreted, Vv=VM code, C=native code)


Current CompileTask:
C2:   8216 1585   !   4       com.android.dx.cf.code.Ropper::processBlock (1101 bytes)


---------------  P R O C E S S  ---------------

Java Threads: ( => current thread )
  0x000000001561a000 JavaThread "Service Thread" daemon [_thread_blocked, id=11472, stack(0x0000000016f00000,0x0000000017000000)]
  0x0000000015614000 JavaThread "C1 CompilerThread2" daemon [_thread_in_vm, id=1244, stack(0x0000000016e00000,0x0000000016f00000)]
  0x000000001560e000 JavaThread "C2 CompilerThread1" daemon [_thread_blocked, id=2808, stack(0x0000000016d00000,0x0000000016e00000)]
=>0x00000000155bd800 JavaThread "C2 CompilerThread0" daemon [_thread_in_native, id=9584, stack(0x0000000016c00000,0x0000000016d00000)]
  0x00000000155ba800 JavaThread "Attach Listener" daemon [_thread_blocked, id=8140, stack(0x0000000016b00000,0x0000000016c00000)]
  0x00000000155b9800 JavaThread "Signal Dispatcher" daemon [_thread_blocked, id=4496, stack(0x0000000016a00000,0x0000000016b00000)]
  0x0000000002eb6800 JavaThread "Finalizer" daemon [_thread_blocked, id=5508, stack(0x0000000016820000,0x0000000016920000)]
  0x0000000002eae800 JavaThread "Reference Handler" daemon [_thread_blocked, id=9644, stack(0x0000000016720000,0x0000000016820000)]
  0x0000000002dc0800 JavaThread "main" [_thread_in_vm, id=3804, stack(0x0000000002ba0000,0x0000000002ca0000)]

Other Threads:
  0x0000000015587000 VMThread [stack: 0x0000000016620000,0x0000000016720000] [id=7592]
  0x0000000017001800 WatcherThread [stack: 0x0000000017400000,0x0000000017500000] [id=11540]

VM state:not at safepoint (normal execution)

VM Mutex/Monitor currently owned by a thread: None

Heap:
 PSYoungGen      total 37888K, used 35287K [0x00000000eab00000, 0x00000000ed500000, 0x0000000100000000)
  eden space 32768K, 92% used [0x00000000eab00000,0x00000000ec8767e8,0x00000000ecb00000)
  from space 5120K, 99% used [0x00000000ecb00000,0x00000000ecfff658,0x00000000ed000000)
  to   space 5120K, 0% used [0x00000000ed000000,0x00000000ed000000,0x00000000ed500000)
 ParOldGen       total 86016K, used 1235K [0x00000000c0000000, 0x00000000c5400000, 0x00000000eab00000)
  object space 86016K, 1% used [0x00000000c0000000,0x00000000c0134d68,0x00000000c5400000)
 Metaspace       used 5764K, capacity 7024K, committed 7296K, reserved 1056768K
  class space    used 572K, capacity 616K, committed 640K, reserved 1048576K

Card table byte_map: [0x00000000122b0000,0x00000000124c0000] byte_map_base: 0x0000000011cb0000

Marking Bits: (ParMarkBitMap*) 0x0000000052d4a5b0
 Begin Bits: [0x0000000012a20000, 0x0000000013a20000)
 End Bits:   [0x0000000013a20000, 0x0000000014a20000)

Polling page: 0x0000000001140000

CodeCache: size=245760Kb used=7303Kb max_used=7313Kb free=238456Kb
 bounds [0x0000000002ef0000, 0x0000000003620000, 0x0000000011ef0000]
 total_blobs=1873 nmethods=1608 adapters=178
 compilation: enabled

Compilation events (10 events):
Event: 7.896 Thread 0x000000001560e000 1607       4       com.android.dx.ssa.SsaMethod::forEachBlockDepthFirst (194 bytes)
Event: 7.972 Thread 0x000000001560e000 nmethod 1607 0x0000000003613ad0 code [0x0000000003613d00, 0x00000000036153e8]
Event: 7.972 Thread 0x000000001560e000 1606       4       com.android.dx.ssa.back.IdenticalBlockCombiner::combineBlocks (102 bytes)
Event: 8.084 Thread 0x000000001560e000 nmethod 1606 0x0000000003617710 code [0x0000000003617960, 0x000000000361a2f8]
Event: 8.207 Thread 0x0000000015614000 1608   !   3       sun.reflect.generics.parser.SignatureParser::current (40 bytes)
Event: 8.208 Thread 0x0000000015614000 nmethod 1608 0x00000000035fdf50 code [0x00000000035fe0c0, 0x00000000035fe270]
Event: 8.209 Thread 0x0000000015614000 1609   !   3       com.android.dx.rop.code.RegisterSpec::intern (70 bytes)
Event: 8.210 Thread 0x0000000015614000 nmethod 1609 0x00000000035e9090 code [0x00000000035e92c0, 0x00000000035e9f88]
Event: 8.211 Thread 0x0000000015614000 1610       3       java.util.HashMap::getNode (148 bytes)
Event: 8.212 Thread 0x0000000015614000 nmethod 1610 0x00000000035fcc50 code [0x00000000035fce40, 0x00000000035fdaa8]

GC Heap History (2 events):
Event: 4.387 GC heap before
{Heap before GC invocations=1 (full 0):
 PSYoungGen      total 37888K, used 32768K [0x00000000eab00000, 0x00000000ed500000, 0x0000000100000000)
  eden space 32768K, 100% used [0x00000000eab00000,0x00000000ecb00000,0x00000000ecb00000)
  from space 5120K, 0% used [0x00000000ed000000,0x00000000ed000000,0x00000000ed500000)
  to   space 5120K, 0% used [0x00000000ecb00000,0x00000000ecb00000,0x00000000ed000000)
 ParOldGen       total 86016K, used 0K [0x00000000c0000000, 0x00000000c5400000, 0x00000000eab00000)
  object space 86016K, 0% used [0x00000000c0000000,0x00000000c0000000,0x00000000c5400000)
 Metaspace       used 5507K, capacity 6896K, committed 7040K, reserved 1056768K
  class space    used 550K, capacity 616K, committed 640K, reserved 1048576K
Event: 4.415 GC heap after
Heap after GC invocations=1 (full 0):
 PSYoungGen      total 37888K, used 5117K [0x00000000eab00000, 0x00000000ed500000, 0x0000000100000000)
  eden space 32768K, 0% used [0x00000000eab00000,0x00000000eab00000,0x00000000ecb00000)
  from space 5120K, 99% used [0x00000000ecb00000,0x00000000ecfff658,0x00000000ed000000)
  to   space 5120K, 0% used [0x00000000ed000000,0x00000000ed000000,0x00000000ed500000)
 ParOldGen       total 86016K, used 1235K [0x00000000c0000000, 0x00000000c5400000, 0x00000000eab00000)
  object space 86016K, 1% used [0x00000000c0000000,0x00000000c0134d68,0x00000000c5400000)
 Metaspace       used 5507K, capacity 6896K, committed 7040K, reserved 1056768K
  class space    used 550K, capacity 616K, committed 640K, reserved 1048576K
}

Deoptimization events (10 events):
Event: 5.174 Thread 0x0000000002dc0800 Uncommon trap: reason=bimorphic action=maybe_recompile pc=0x000000000340df10 method=com.android.dx.cf.code.BytecodeArray.parseInstruction(ILcom/android/dx/cf/code/BytecodeArray$Visitor;)I @ 1501
Event: 5.174 Thread 0x0000000002dc0800 Uncommon trap: reason=bimorphic action=maybe_recompile pc=0x000000000340df10 method=com.android.dx.cf.code.BytecodeArray.parseInstruction(ILcom/android/dx/cf/code/BytecodeArray$Visitor;)I @ 1501
Event: 5.174 Thread 0x0000000002dc0800 Uncommon trap: reason=bimorphic action=maybe_recompile pc=0x000000000340dd44 method=com.android.dx.cf.code.BytecodeArray.parseInstruction(ILcom/android/dx/cf/code/BytecodeArray$Visitor;)I @ 2484
Event: 5.175 Thread 0x0000000002dc0800 Uncommon trap: reason=bimorphic action=maybe_recompile pc=0x000000000340dd44 method=com.android.dx.cf.code.BytecodeArray.parseInstruction(ILcom/android/dx/cf/code/BytecodeArray$Visitor;)I @ 2484
Event: 6.455 Thread 0x0000000002dc0800 Uncommon trap: reason=unstable_if action=reinterpret pc=0x0000000003429530 method=com.android.dx.ssa.SCCP.simulateBranch(Lcom/android/dx/ssa/SsaInsn;)V @ 64
Event: 6.853 Thread 0x0000000002dc0800 Uncommon trap: reason=bimorphic action=maybe_recompile pc=0x00000000034f0844 method=com.android.dx.cf.code.BytecodeArray.parseInstruction(ILcom/android/dx/cf/code/BytecodeArray$Visitor;)I @ 907
Event: 6.853 Thread 0x0000000002dc0800 Uncommon trap: reason=bimorphic action=maybe_recompile pc=0x00000000034f0844 method=com.android.dx.cf.code.BytecodeArray.parseInstruction(ILcom/android/dx/cf/code/BytecodeArray$Visitor;)I @ 907
Event: 7.622 Thread 0x0000000002dc0800 Uncommon trap: reason=bimorphic action=maybe_recompile pc=0x00000000034706ac method=com.android.dx.cf.code.Merger.mergeType(Lcom/android/dx/rop/type/TypeBearer;Lcom/android/dx/rop/type/TypeBearer;)Lcom/android/dx/rop/type/TypeBearer; @ 28
Event: 7.812 Thread 0x0000000002dc0800 Uncommon trap: reason=unstable_if action=reinterpret pc=0x0000000003236874 method=java.util.HashMap.putVal(ILjava/lang/Object;Ljava/lang/Object;ZZ)Ljava/lang/Object; @ 162
Event: 8.209 Thread 0x0000000002dc0800 Uncommon trap: reason=unstable_if action=reinterpret pc=0x000000000331d5d8 method=java.util.HashMap.getNode(ILjava/lang/Object;)Ljava/util/HashMap$Node; @ 84

Internal exceptions (6 events):
Event: 0.062 Thread 0x0000000002dc0800 Exception <a 'java/lang/NoSuchMethodError': Method sun.misc.Unsafe.defineClass(Ljava/lang/String;[BII)Ljava/lang/Class; name or signature does not match> (0x00000000eab0d488) thrown at [C:\workspace\8-2-build-windows-amd64-cygwin\jdk8u65\4987\hotspot\src\s5Zí£™¯?
Event: 0.062 Thread 0x0000000002dc0800 Exception <a 'java/lang/NoSuchMethodError': Method sun.misc.Unsafe.prefetchRead(Ljava/lang/Object;J)V name or signature does not match> (0x00000000eab0d770) thrown at [C:\workspace\8-2-build-windows-amd64-cygwin\jdk8u65\4987\hotspot\src\share\vm\prims\jni.uv£×oû?
Event: 1.715 Thread 0x0000000002dc0800 Implicit null exception at 0x00000000032186ac to 0x0000000003219e09
Event: 8.206 Thread 0x0000000002dc0800 Exception <a 'java/lang/ArrayIndexOutOfBoundsException': 18> (0x00000000ec834c88) thrown at [C:\workspace\8-2-build-windows-amd64-cygwin\jdk8u65\4987\hotspot\src\share\vm\interpreter\interpreterRuntime.cpp, line 366]
Event: 8.208 Thread 0x0000000002dc0800 Exception <a 'java/lang/ArrayIndexOutOfBoundsException'> (0x00000000ec836808) thrown at [C:\workspace\8-2-build-windows-amd64-cygwin\jdk8u65\4987\hotspot\src\share\vm\runtime\sharedRuntime.cpp, line 605]
Event: 8.209 Thread 0x0000000002dc0800 Exception <a 'java/lang/ArrayIndexOutOfBoundsException'> (0x00000000ec837af0) thrown at [C:\workspace\8-2-build-windows-amd64-cygwin\jdk8u65\4987\hotspot\src\share\vm\runtime\sharedRuntime.cpp, line 605]

Events (10 events):
Event: 8.208 loading class sun/reflect/generics/reflectiveObjects/ParameterizedTypeImpl done
Event: 8.209 loading class java/lang/reflect/TypeVariable
Event: 8.209 loading class java/lang/reflect/TypeVariable done
Event: 8.209 loading class sun/reflect/generics/reflectiveObjects/TypeVariableImpl
Event: 8.209 loading class sun/reflect/generics/reflectiveObjects/LazyReflectiveObjectGenerator
Event: 8.209 loading class sun/reflect/generics/reflectiveObjects/LazyReflectiveObjectGenerator done
Event: 8.209 loading class sun/reflect/generics/reflectiveObjects/TypeVariableImpl done
Event: 8.209 Thread 0x0000000002dc0800 Uncommon trap: trap_request=0xffffff65 fr.pc=0x000000000331d5d8
Event: 8.209 Thread 0x0000000002dc0800 DEOPT PACKING pc=0x000000000331d5d8 sp=0x0000000002c9e430
Event: 8.209 Thread 0x0000000002dc0800 DEOPT UNPACKING pc=0x0000000002f3582a sp=0x0000000002c9e3a8 mode 2


Dynamic libraries:
0x00007ff71ae00000 - 0x00007ff71ae37000 	C:\PROGRA~3\Oracle\Java\javapath\java.exe
0x00007ffda9d10000 - 0x00007ffda9ed1000 	C:\WINDOWS\SYSTEM32\ntdll.dll
0x00007ffda81e0000 - 0x00007ffda828d000 	C:\WINDOWS\system32\KERNEL32.DLL
0x00007ffda7200000 - 0x00007ffda73dd000 	C:\WINDOWS\system32\KERNELBASE.dll
0x00007ffda74e0000 - 0x00007ffda7586000 	C:\WINDOWS\system32\ADVAPI32.dll
0x00007ffda73e0000 - 0x00007ffda747d000 	C:\WINDOWS\system32\msvcrt.dll
0x00007ffda7480000 - 0x00007ffda74db000 	C:\WINDOWS\system32\sechost.dll
0x00007ffda7b40000 - 0x00007ffda7c66000 	C:\WINDOWS\system32\RPCRT4.dll
0x00007ffda8090000 - 0x00007ffda81de000 	C:\WINDOWS\system32\USER32.dll
0x00007ffda7c70000 - 0x00007ffda7df6000 	C:\WINDOWS\system32\GDI32.dll
0x00007ffda1830000 - 0x00007ffda1aa4000 	C:\WINDOWS\WinSxS\amd64_microsoft.windows.common-controls_6595b64144ccf1df_6.0.10240.16384_none_f41f7b285750ef43\COMCTL32.dll
0x00007ffda83b0000 - 0x00007ffda83e6000 	C:\WINDOWS\system32\IMM32.DLL
0x00007ffda79e0000 - 0x00007ffda7b3c000 	C:\WINDOWS\system32\MSCTF.dll
0x00007ffd93ef0000 - 0x00007ffd93f69000 	C:\Program Files (x86)\AVG\Av\avghooka.dll
0x0000000052dd0000 - 0x0000000052ea2000 	C:\Program Files\Java\jre1.8.0_65\bin\msvcr100.dll
0x0000000052540000 - 0x0000000052dc9000 	C:\Program Files\Java\jre1.8.0_65\bin\server\jvm.dll
0x00007ffda8410000 - 0x00007ffda8418000 	C:\WINDOWS\system32\PSAPI.DLL
0x00007ffd9e430000 - 0x00007ffd9e439000 	C:\WINDOWS\SYSTEM32\WSOCK32.dll
0x00007ffda8340000 - 0x00007ffda83a9000 	C:\WINDOWS\system32\WS2_32.dll
0x00007ffda79c0000 - 0x00007ffda79c8000 	C:\WINDOWS\system32\NSI.dll
0x00007ffda47f0000 - 0x00007ffda4813000 	C:\WINDOWS\SYSTEM32\WINMM.dll
0x00007ffda1780000 - 0x00007ffda178a000 	C:\WINDOWS\SYSTEM32\VERSION.dll
0x00007ffda47b0000 - 0x00007ffda47dc000 	C:\WINDOWS\SYSTEM32\WINMMBASE.dll
0x00007ffda67e0000 - 0x00007ffda6824000 	C:\WINDOWS\system32\cfgmgr32.dll
0x00007ffda50b0000 - 0x00007ffda50d7000 	C:\WINDOWS\SYSTEM32\DEVOBJ.dll
0x0000000052530000 - 0x000000005253f000 	C:\Program Files\Java\jre1.8.0_65\bin\verify.dll
0x0000000052500000 - 0x0000000052529000 	C:\Program Files\Java\jre1.8.0_65\bin\java.dll
0x00000000524e0000 - 0x00000000524f6000 	C:\Program Files\Java\jre1.8.0_65\bin\zip.dll
0x00007ffda8420000 - 0x00007ffda9942000 	C:\WINDOWS\system32\SHELL32.dll
0x00007ffda6940000 - 0x00007ffda6f68000 	C:\WINDOWS\system32\windows.storage.dll
0x00007ffda7740000 - 0x00007ffda79bc000 	C:\WINDOWS\system32\combase.dll
0x00007ffda7e00000 - 0x00007ffda7e51000 	C:\WINDOWS\system32\shlwapi.dll
0x00007ffda67b0000 - 0x00007ffda67bf000 	C:\WINDOWS\system32\kernel.appcore.dll
0x00007ffda7140000 - 0x00007ffda71f3000 	C:\WINDOWS\system32\shcore.dll
0x00007ffda6760000 - 0x00007ffda67aa000 	C:\WINDOWS\system32\powrprof.dll
0x00007ffda6740000 - 0x00007ffda6753000 	C:\WINDOWS\system32\profapi.dll

VM Arguments:
jvm_args: -Xmx1024M -Xss1m -Djava.ext.dirs=C:\Users\AliNa\AppData\Local\Android\sdk\build-tools\21.1.2\lib 
java_command: C:\Users\AliNa\AppData\Local\Android\sdk\build-tools\21.1.2\lib\dx.jar --dex --output C:\Users\AliNa\Documents\AndroidStudioProjects\Projecto\app\build\intermediates\pre-dexed\debug\androidasync-2.1.6-89ca5064a7222d012f178e979a7a401cb7be9ffd.jar C:\Users\AliNa\.gradle\caches\modules-2\files-2.1\com.koushikdutta.async\androidasync\2.1.6\e3d5f6ab2003e31f2cf5ea61b4731a21e9517935\androidasync-2.1.6.jar
java_class_path (initial): C:\Users\AliNa\AppData\Local\Android\sdk\build-tools\21.1.2\lib\dx.jar
Launcher Type: SUN_STANDARD

Environment Variables:
PATH=C:\ProgramData\Oracle\Java\javapath;C:\WINDOWS\system32;C:\WINDOWS;C:\WINDOWS\System32\Wbem;C:\WINDOWS\System32\WindowsPowerShell\v1.0\;C:\Program Files (x86)\NVIDIA Corporation\PhysX\Common;C:\WINDOWS\system32\config\systemprofile\.dnx\bin;C:\Program Files\Microsoft DNX\Dnvm\;C:\Program Files (x86)\Skype\Phone\
USERNAME=AliNa
OS=Windows_NT
PROCESSOR_IDENTIFIER=Intel64 Family 6 Model 58 Stepping 9, GenuineIntel



---------------  S Y S T E M  ---------------

OS: Windows 10.0 , 64 bit Build 10240 (10.0.10240.16384)

CPU:total 4 (2 cores per cpu, 2 threads per core) family 6 model 58 stepping 9, cmov, cx8, fxsr, mmx, sse, sse2, sse3, ssse3, sse4.1, sse4.2, popcnt, avx, aes, clmul, erms, ht, tsc, tscinvbit, tscinv

Memory: 4k page, physical 8199448k(637636k free), swap 9248024k(3092k free)

vm_info: Java HotSpot(TM) 64-Bit Server VM (25.65-b01) for windows-amd64 JRE (1.8.0_65-b17), built on Oct  6 2015 16:39:20 by "java_re" with MS VC++ 10.0 (VS2010)

time: Tue Nov 03 17:39:18 2015
elapsed time: 8 seconds (0d 0h 0m 8s)

