#
# There is insufficient memory for the Java Runtime Environment to continue.
# Native memory allocation (malloc) failed to allocate 1574336 bytes for Chunk::new
# Possible reasons:
#   The system is out of physical RAM or swap space
#   In 32 bit mode, the process size limit was hit
# Possible solutions:
#   Reduce memory load on the system
#   Increase physical memory or swap space
#   Check if swap backing store is full
#   Use 64 bit Java on a 64 bit OS
#   Decrease Java heap size (-Xmx/-Xms)
#   Decrease number of Java threads
#   Decrease Java thread stack sizes (-Xss)
#   Set larger code cache with -XX:ReservedCodeCacheSize=
# This output file may be truncated or incomplete.
#
#  Out of Memory Error (allocation.cpp:390), pid=12220, tid=9868
#
# JRE version: Java(TM) SE Runtime Environment (8.0_65-b17) (build 1.8.0_65-b17)
# Java VM: Java HotSpot(TM) 64-Bit Server VM (25.65-b01 mixed mode windows-amd64 compressed oops)
# Failed to write core dump. Minidumps are not enabled by default on client versions of Windows
#

---------------  T H R E A D  ---------------

Current thread (0x00000000152ed800):  JavaThread "C2 CompilerThread0" daemon [_thread_in_native, id=9868, stack(0x0000000016860000,0x0000000016960000)]

Stack: [0x0000000016860000,0x0000000016960000]
[error occurred during error reporting (printing stack bounds), id 0xc0000005]

Native frames: (J=compiled Java code, j=interpreted, Vv=VM code, C=native code)


Current CompileTask:
C2:   9658 1599   !   4       com.android.dx.cf.code.Ropper::processBlock (1101 bytes)


---------------  P R O C E S S  ---------------

Java Threads: ( => current thread )
  0x000000001534a000 JavaThread "Service Thread" daemon [_thread_blocked, id=6184, stack(0x0000000016b60000,0x0000000016c60000)]
  0x0000000015344000 JavaThread "C1 CompilerThread2" daemon [_thread_blocked, id=9692, stack(0x0000000016a60000,0x0000000016b60000)]
  0x000000001533e000 JavaThread "C2 CompilerThread1" daemon [_thread_in_native, id=9720, stack(0x0000000016960000,0x0000000016a60000)]
=>0x00000000152ed800 JavaThread "C2 CompilerThread0" daemon [_thread_in_native, id=9868, stack(0x0000000016860000,0x0000000016960000)]
  0x00000000152ea800 JavaThread "Attach Listener" daemon [_thread_blocked, id=9164, stack(0x0000000016760000,0x0000000016860000)]
  0x00000000152e9800 JavaThread "Signal Dispatcher" daemon [_thread_blocked, id=10744, stack(0x0000000016660000,0x0000000016760000)]
  0x0000000002c10800 JavaThread "Finalizer" daemon [_thread_blocked, id=5744, stack(0x0000000016560000,0x0000000016660000)]
  0x00000000152b9800 JavaThread "Reference Handler" daemon [_thread_blocked, id=11500, stack(0x0000000016460000,0x0000000016560000)]
  0x0000000002b20800 JavaThread "main" [_thread_in_vm, id=9648, stack(0x0000000002820000,0x0000000002920000)]

Other Threads:
  0x00000000152b7000 VMThread [stack: 0x0000000016360000,0x0000000016460000] [id=11548]
  0x0000000016c61800 WatcherThread [stack: 0x0000000017060000,0x0000000017160000] [id=2036]

VM state:not at safepoint (normal execution)

VM Mutex/Monitor currently owned by a thread: None

Heap:
 PSYoungGen      total 70656K, used 10320K [0x00000000eab00000, 0x00000000ef500000, 0x0000000100000000)
  eden space 65536K, 7% used [0x00000000eab00000,0x00000000eb016520,0x00000000eeb00000)
  from space 5120K, 99% used [0x00000000ef000000,0x00000000ef4fdc88,0x00000000ef500000)
  to   space 5120K, 0% used [0x00000000eeb00000,0x00000000eeb00000,0x00000000ef000000)
 ParOldGen       total 86016K, used 6293K [0x00000000c0000000, 0x00000000c5400000, 0x00000000eab00000)
  object space 86016K, 7% used [0x00000000c0000000,0x00000000c0625598,0x00000000c5400000)
 Metaspace       used 5702K, capacity 7088K, committed 7296K, reserved 1056768K
  class space    used 552K, capacity 616K, committed 640K, reserved 1048576K

Card table byte_map: [0x0000000011fe0000,0x00000000121f0000] byte_map_base: 0x00000000119e0000

Marking Bits: (ParMarkBitMap*) 0x00000000618ba5b0
 Begin Bits: [0x0000000012750000, 0x0000000013750000)
 End Bits:   [0x0000000013750000, 0x0000000014750000)

Polling page: 0x0000000000fc0000

CodeCache: size=245760Kb used=7554Kb max_used=7554Kb free=238205Kb
 bounds [0x0000000002c20000, 0x0000000003390000, 0x0000000011c20000]
 total_blobs=1889 nmethods=1624 adapters=178
 compilation: enabled

Compilation events (10 events):
Event: 9.518 Thread 0x0000000015344000 1624       3       com.android.dx.cf.direct.DirectClassFile::getMagic0 (9 bytes)
Event: 9.518 Thread 0x0000000015344000 nmethod 1624 0x0000000003384cd0 code [0x0000000003384e40, 0x0000000003385068]
Event: 9.518 Thread 0x0000000015344000 1625       3       java.util.TreeMap$Values::size (8 bytes)
Event: 9.518 Thread 0x0000000015344000 nmethod 1625 0x0000000003385110 code [0x0000000003385260, 0x00000000033853f0]
Event: 9.518 Thread 0x0000000015344000 1626       3       com.android.dx.cf.direct.DirectClassFile::getFields (9 bytes)
Event: 9.519 Thread 0x0000000015344000 nmethod 1626 0x0000000003385490 code [0x0000000003385600, 0x0000000003385848]
Event: 9.519 Thread 0x0000000015344000 1627       3       com.android.dx.cf.direct.DirectClassFile::getMethods (9 bytes)
Event: 9.519 Thread 0x0000000015344000 nmethod 1627 0x0000000003385910 code [0x0000000003385a80, 0x0000000003385cc8]
Event: 9.520 Thread 0x0000000015344000 1628       3       com.android.dx.dex.file.ClassDefItem::addVirtualMethod (9 bytes)
Event: 9.521 Thread 0x0000000015344000 nmethod 1628 0x0000000003385d90 code [0x0000000003385f40, 0x00000000033865f8]

GC Heap History (4 events):
Event: 3.046 GC heap before
{Heap before GC invocations=1 (full 0):
 PSYoungGen      total 37888K, used 32768K [0x00000000eab00000, 0x00000000ed500000, 0x0000000100000000)
  eden space 32768K, 100% used [0x00000000eab00000,0x00000000ecb00000,0x00000000ecb00000)
  from space 5120K, 0% used [0x00000000ed000000,0x00000000ed000000,0x00000000ed500000)
  to   space 5120K, 0% used [0x00000000ecb00000,0x00000000ecb00000,0x00000000ed000000)
 ParOldGen       total 86016K, used 0K [0x00000000c0000000, 0x00000000c5400000, 0x00000000eab00000)
  object space 86016K, 0% used [0x00000000c0000000,0x00000000c0000000,0x00000000c5400000)
 Metaspace       used 5596K, capacity 6960K, committed 7040K, reserved 1056768K
  class space    used 551K, capacity 616K, committed 640K, reserved 1048576K
Event: 3.139 GC heap after
Heap after GC invocations=1 (full 0):
 PSYoungGen      total 37888K, used 5111K [0x00000000eab00000, 0x00000000ef500000, 0x0000000100000000)
  eden space 32768K, 0% used [0x00000000eab00000,0x00000000eab00000,0x00000000ecb00000)
  from space 5120K, 99% used [0x00000000ecb00000,0x00000000ecffdc88,0x00000000ed000000)
  to   space 5120K, 0% used [0x00000000ef000000,0x00000000ef000000,0x00000000ef500000)
 ParOldGen       total 86016K, used 1486K [0x00000000c0000000, 0x00000000c5400000, 0x00000000eab00000)
  object space 86016K, 1% used [0x00000000c0000000,0x00000000c0173b50,0x00000000c5400000)
 Metaspace       used 5596K, capacity 6960K, committed 7040K, reserved 1056768K
  class space    used 551K, capacity 616K, committed 640K, reserved 1048576K
}
Event: 9.004 GC heap before
{Heap before GC invocations=2 (full 0):
 PSYoungGen      total 37888K, used 37879K [0x00000000eab00000, 0x00000000ef500000, 0x0000000100000000)
  eden space 32768K, 100% used [0x00000000eab00000,0x00000000ecb00000,0x00000000ecb00000)
  from space 5120K, 99% used [0x00000000ecb00000,0x00000000ecffdc88,0x00000000ed000000)
  to   space 5120K, 0% used [0x00000000ef000000,0x00000000ef000000,0x00000000ef500000)
 ParOldGen       total 86016K, used 1486K [0x00000000c0000000, 0x00000000c5400000, 0x00000000eab00000)
  object space 86016K, 1% used [0x00000000c0000000,0x00000000c0173b50,0x00000000c5400000)
 Metaspace       used 5687K, capacity 7088K, committed 7296K, reserved 1056768K
  class space    used 552K, capacity 616K, committed 640K, reserved 1048576K
Event: 9.138 GC heap after
Heap after GC invocations=2 (full 0):
 PSYoungGen      total 70656K, used 5111K [0x00000000eab00000, 0x00000000ef500000, 0x0000000100000000)
  eden space 65536K, 0% used [0x00000000eab00000,0x00000000eab00000,0x00000000eeb00000)
  from space 5120K, 99% used [0x00000000ef000000,0x00000000ef4fdc88,0x00000000ef500000)
  to   space 5120K, 0% used [0x00000000eeb00000,0x00000000eeb00000,0x00000000ef000000)
 ParOldGen       total 86016K, used 6293K [0x00000000c0000000, 0x00000000c5400000, 0x00000000eab00000)
  object space 86016K, 7% used [0x00000000c0000000,0x00000000c0625598,0x00000000c5400000)
 Metaspace       used 5687K, capacity 7088K, committed 7296K, reserved 1056768K
  class space    used 552K, capacity 616K, committed 640K, reserved 1048576K
}

Deoptimization events (10 events):
Event: 2.815 Thread 0x0000000002b20800 Uncommon trap: reason=unstable_if action=reinterpret pc=0x0000000002f33c5c method=com.android.dx.rop.cst.Constant.compareTo(Lcom/android/dx/rop/cst/Constant;)I @ 12
Event: 2.820 Thread 0x0000000002b20800 Uncommon trap: reason=class_check action=maybe_recompile pc=0x0000000002ed42e0 method=com.android.dx.rop.type.Type.equals(Ljava/lang/Object;)Z @ 8
Event: 3.461 Thread 0x0000000002b20800 Uncommon trap: reason=unstable_if action=reinterpret pc=0x00000000031bdf8c method=com.android.dx.ssa.LiteralOpUpgrader$1.visitNonMoveInsn(Lcom/android/dx/ssa/NormalSsaInsn;)V @ 151
Event: 3.992 Thread 0x0000000002b20800 Uncommon trap: reason=unloaded action=reinterpret pc=0x00000000032177b4 method=com.android.dx.cf.cst.ConstantPoolParser.parse0(ILjava/util/BitSet;)Lcom/android/dx/rop/cst/Constant; @ 198
Event: 3.992 Thread 0x0000000002b20800 Uncommon trap: reason=unstable_if action=reinterpret pc=0x0000000003238078 method=com.android.dx.rop.cst.StdConstantPool.set(ILcom/android/dx/rop/cst/Constant;)V @ 12
Event: 4.548 Thread 0x0000000002b20800 Uncommon trap: reason=uninitialized action=reinterpret pc=0x000000000319a6f4 method=com.android.dx.cf.code.BytecodeArray.parseInstruction(ILcom/android/dx/cf/code/BytecodeArray$Visitor;)I @ 999
Event: 4.858 Thread 0x0000000002b20800 Uncommon trap: reason=unstable_if action=reinterpret pc=0x000000000313d61c method=com.android.dx.ssa.SCCP.simulateStmt(Lcom/android/dx/ssa/SsaInsn;)V @ 53
Event: 4.858 Thread 0x0000000002b20800 Uncommon trap: reason=unstable_if action=reinterpret pc=0x00000000031e51dc method=com.android.dx.ssa.SCCP.simulateBranch(Lcom/android/dx/ssa/SsaInsn;)V @ 64
Event: 4.885 Thread 0x0000000002b20800 Uncommon trap: reason=unstable_if action=reinterpret pc=0x000000000306b9dc method=com.android.dx.ssa.SsaMethod.updateOneDefinition(Lcom/android/dx/ssa/SsaInsn;Lcom/android/dx/rop/code/RegisterSpec;)V @ 4
Event: 8.950 Thread 0x0000000002b20800 Uncommon trap: reason=class_check action=maybe_recompile pc=0x000000000326f204 method=com.android.dx.rop.code.RegisterSpec.withSimpleType()Lcom/android/dx/rop/code/RegisterSpec; @ 21

Internal exceptions (2 events):
Event: 0.099 Thread 0x0000000002b20800 Exception <a 'java/lang/NoSuchMethodError': Method sun.misc.Unsafe.defineClass(Ljava/lang/String;[BII)Ljava/lang/Class; name or signature does not match> (0x00000000eab0d490) thrown at [C:\workspace\8-2-build-windows-amd64-cygwin\jdk8u65\4987\hotspot\src\s.R¦ó'v¹?
Event: 0.099 Thread 0x0000000002b20800 Exception <a 'java/lang/NoSuchMethodError': Method sun.misc.Unsafe.prefetchRead(Ljava/lang/Object;J)V name or signature does not match> (0x00000000eab0d778) thrown at [C:\workspace\8-2-build-windows-amd64-cygwin\jdk8u65\4987\hotspot\src\share\vm\prims\jni.

Events (10 events):
Event: 4.885 Thread 0x0000000002b20800 Uncommon trap: trap_request=0xffffff65 fr.pc=0x000000000306b9dc
Event: 4.885 Thread 0x0000000002b20800 DEOPT PACKING pc=0x000000000306b9dc sp=0x000000000291e940
Event: 4.885 Thread 0x0000000002b20800 DEOPT UNPACKING pc=0x0000000002c6582a sp=0x000000000291e8e8 mode 2
Event: 7.075 loading class com/android/dx/rop/code/RegisterSpec$1
Event: 7.075 loading class com/android/dx/rop/code/RegisterSpec$1 done
Event: 8.950 Thread 0x0000000002b20800 Uncommon trap: trap_request=0xffffffde fr.pc=0x000000000326f204
Event: 8.950 Thread 0x0000000002b20800 DEOPT PACKING pc=0x000000000326f204 sp=0x000000000291ebc0
Event: 8.950 Thread 0x0000000002b20800 DEOPT UNPACKING pc=0x0000000002c6582a sp=0x000000000291eb28 mode 2
Event: 9.004 Executing VM operation: ParallelGCFailedAllocation
Event: 9.138 Executing VM operation: ParallelGCFailedAllocation done


Dynamic libraries:
0x00007ff736d80000 - 0x00007ff736db7000 	C:\PROGRA~3\Oracle\Java\javapath\java.exe
0x00007ffc528c0000 - 0x00007ffc52a81000 	C:\WINDOWS\SYSTEM32\ntdll.dll
0x00007ffc50d10000 - 0x00007ffc50dbd000 	C:\WINDOWS\system32\KERNEL32.DLL
0x00007ffc4fdb0000 - 0x00007ffc4ff8d000 	C:\WINDOWS\system32\KERNELBASE.dll
0x00007ffc50ad0000 - 0x00007ffc50b76000 	C:\WINDOWS\system32\ADVAPI32.dll
0x00007ffc50f10000 - 0x00007ffc50fad000 	C:\WINDOWS\system32\msvcrt.dll
0x00007ffc50ff0000 - 0x00007ffc5104b000 	C:\WINDOWS\system32\sechost.dll
0x00007ffc50be0000 - 0x00007ffc50d06000 	C:\WINDOWS\system32\RPCRT4.dll
0x00007ffc50dc0000 - 0x00007ffc50f0e000 	C:\WINDOWS\system32\USER32.dll
0x00007ffc50550000 - 0x00007ffc506d6000 	C:\WINDOWS\system32\GDI32.dll
0x00007ffc4a310000 - 0x00007ffc4a584000 	C:\WINDOWS\WinSxS\amd64_microsoft.windows.common-controls_6595b64144ccf1df_6.0.10240.16384_none_f41f7b285750ef43\COMCTL32.dll
0x00007ffc50fb0000 - 0x00007ffc50fe6000 	C:\WINDOWS\system32\IMM32.DLL
0x00007ffc50160000 - 0x00007ffc502bc000 	C:\WINDOWS\system32\MSCTF.dll
0x00007ffc3cb90000 - 0x00007ffc3cc09000 	C:\Program Files (x86)\AVG\Av\avghooka.dll
0x0000000061940000 - 0x0000000061a12000 	C:\Program Files\Java\jre1.8.0_65\bin\msvcr100.dll
0x00000000610b0000 - 0x0000000061939000 	C:\Program Files\Java\jre1.8.0_65\bin\server\jvm.dll
0x00007ffc50540000 - 0x00007ffc50548000 	C:\WINDOWS\system32\PSAPI.DLL
0x00007ffc465d0000 - 0x00007ffc465d9000 	C:\WINDOWS\SYSTEM32\WSOCK32.dll
0x00007ffc51190000 - 0x00007ffc511f9000 	C:\WINDOWS\system32\WS2_32.dll
0x0000000000fb0000 - 0x0000000000fb8000 	C:\WINDOWS\system32\NSI.dll
0x00007ffc4d7f0000 - 0x00007ffc4d813000 	C:\WINDOWS\SYSTEM32\WINMM.dll
0x00007ffc4aec0000 - 0x00007ffc4aeca000 	C:\WINDOWS\SYSTEM32\VERSION.dll
0x00007ffc4d790000 - 0x00007ffc4d7bc000 	C:\WINDOWS\SYSTEM32\WINMMBASE.dll
0x00007ffc4f390000 - 0x00007ffc4f3d4000 	C:\WINDOWS\system32\cfgmgr32.dll
0x00007ffc4dc60000 - 0x00007ffc4dc87000 	C:\WINDOWS\SYSTEM32\DEVOBJ.dll
0x0000000061e90000 - 0x0000000061e9f000 	C:\Program Files\Java\jre1.8.0_65\bin\verify.dll
0x0000000061ce0000 - 0x0000000061d09000 	C:\Program Files\Java\jre1.8.0_65\bin\java.dll
0x0000000061090000 - 0x00000000610a6000 	C:\Program Files\Java\jre1.8.0_65\bin\zip.dll
0x00007ffc51210000 - 0x00007ffc52732000 	C:\WINDOWS\system32\SHELL32.dll
0x00007ffc4f5b0000 - 0x00007ffc4fbd8000 	C:\WINDOWS\system32\windows.storage.dll
0x00007ffc502c0000 - 0x00007ffc5053c000 	C:\WINDOWS\system32\combase.dll
0x00007ffc50b80000 - 0x00007ffc50bd1000 	C:\WINDOWS\system32\shlwapi.dll
0x00007ffc4f380000 - 0x00007ffc4f38f000 	C:\WINDOWS\system32\kernel.appcore.dll
0x00007ffc4f440000 - 0x00007ffc4f4f3000 	C:\WINDOWS\system32\shcore.dll
0x00007ffc4f330000 - 0x00007ffc4f37a000 	C:\WINDOWS\system32\powrprof.dll
0x00007ffc4f310000 - 0x00007ffc4f323000 	C:\WINDOWS\system32\profapi.dll

VM Arguments:
jvm_args: -Xmx1024M -Xss1m -Djava.ext.dirs=C:\Users\AliNa\AppData\Local\Android\sdk\build-tools\21.1.2\lib 
java_command: C:\Users\AliNa\AppData\Local\Android\sdk\build-tools\21.1.2\lib\dx.jar --dex --output C:\Users\AliNa\Documents\AndroidStudioProjects\Projecto\app\build\intermediates\pre-dexed\debug\internal_impl-21.0.3-fd4faf3c632d96b9bea3e69e43f03def9ccf8668.jar C:\Users\AliNa\Documents\AndroidStudioProjects\Projecto\app\build\intermediates\exploded-aar\com.android.support\support-v4\21.0.3\libs\internal_impl-21.0.3.jar
java_class_path (initial): C:\Users\AliNa\AppData\Local\Android\sdk\build-tools\21.1.2\lib\dx.jar
Launcher Type: SUN_STANDARD

Environment Variables:
PATH=C:\ProgramData\Oracle\Java\javapath;C:\WINDOWS\system32;C:\WINDOWS;C:\WINDOWS\System32\Wbem;C:\WINDOWS\System32\WindowsPowerShell\v1.0\;C:\Program Files (x86)\NVIDIA Corporation\PhysX\Common;C:\WINDOWS\system32\config\systemprofile\.dnx\bin;C:\Program Files\Microsoft DNX\Dnvm\;C:\Program Files (x86)\Skype\Phone\
USERNAME=AliNa
OS=Windows_NT
PROCESSOR_IDENTIFIER=Intel64 Family 6 Model 58 Stepping 9, GenuineIntel



---------------  S Y S T E M  ---------------

OS: Windows 10.0 , 64 bit Build 10240 (10.0.10240.16384)

CPU:total 4 (2 cores per cpu, 2 threads per core) family 6 model 58 stepping 9, cmov, cx8, fxsr, mmx, sse, sse2, sse3, ssse3, sse4.1, sse4.2, popcnt, avx, aes, clmul, erms, ht, tsc, tscinvbit, tscinv

Memory: 4k page, physical 8199448k(809136k free), swap 9248024k(5856k free)

vm_info: Java HotSpot(TM) 64-Bit Server VM (25.65-b01) for windows-amd64 JRE (1.8.0_65-b17), built on Oct  6 2015 16:39:20 by "java_re" with MS VC++ 10.0 (VS2010)

time: Tue Nov 03 23:52:54 2015
elapsed time: 9 seconds (0d 0h 0m 9s)

