#
# There is insufficient memory for the Java Runtime Environment to continue.
# Native memory allocation (malloc) failed to allocate 624864 bytes for Chunk::new
# Possible reasons:
#   The system is out of physical RAM or swap space
#   In 32 bit mode, the process size limit was hit
# Possible solutions:
#   Reduce memory load on the system
#   Increase physical memory or swap space
#   Check if swap backing store is full
#   Use 64 bit Java on a 64 bit OS
#   Decrease Java heap size (-Xmx/-Xms)
#   Decrease number of Java threads
#   Decrease Java thread stack sizes (-Xss)
#   Set larger code cache with -XX:ReservedCodeCacheSize=
# This output file may be truncated or incomplete.
#
#  Out of Memory Error (allocation.cpp:390), pid=12280, tid=7564
#
# JRE version: Java(TM) SE Runtime Environment (8.0_65-b17) (build 1.8.0_65-b17)
# Java VM: Java HotSpot(TM) 64-Bit Server VM (25.65-b01 mixed mode windows-amd64 compressed oops)
# Failed to write core dump. Minidumps are not enabled by default on client versions of Windows
#

---------------  T H R E A D  ---------------

Current thread (0x0000000015027000):  JavaThread "C2 CompilerThread1" daemon [_thread_in_native, id=7564, stack(0x0000000016710000,0x0000000016810000)]

Stack: [0x0000000016710000,0x0000000016810000]
[error occurred during error reporting (printing stack bounds), id 0xc0000005]

Native frames: (J=compiled Java code, j=interpreted, Vv=VM code, C=native code)


Current CompileTask:
C2:   8313 1701       4       com.android.dx.ssa.back.IdenticalBlockCombiner::process (323 bytes)


---------------  P R O C E S S  ---------------

Java Threads: ( => current thread )
  0x000000001503b000 JavaThread "Service Thread" daemon [_thread_blocked, id=4524, stack(0x0000000016910000,0x0000000016a10000)]
  0x0000000015031800 JavaThread "C1 CompilerThread2" daemon [_thread_blocked, id=10236, stack(0x0000000016810000,0x0000000016910000)]
=>0x0000000015027000 JavaThread "C2 CompilerThread1" daemon [_thread_in_native, id=7564, stack(0x0000000016710000,0x0000000016810000)]
  0x0000000014fde800 JavaThread "C2 CompilerThread0" daemon [_thread_in_native, id=9520, stack(0x0000000016610000,0x0000000016710000)]
  0x0000000014fdb800 JavaThread "Attach Listener" daemon [_thread_blocked, id=2488, stack(0x0000000016510000,0x0000000016610000)]
  0x0000000014fdb000 JavaThread "Signal Dispatcher" daemon [_thread_blocked, id=5344, stack(0x0000000016410000,0x0000000016510000)]
  0x0000000002876800 JavaThread "Finalizer" daemon [_thread_blocked, id=7792, stack(0x0000000016230000,0x0000000016330000)]
  0x000000000286d800 JavaThread "Reference Handler" daemon [_thread_blocked, id=11284, stack(0x0000000016130000,0x0000000016230000)]
  0x0000000002780800 JavaThread "main" [_thread_in_vm, id=1092, stack(0x0000000002580000,0x0000000002680000)]

Other Threads:
  0x0000000014fa8000 VMThread [stack: 0x0000000016030000,0x0000000016130000] [id=1612]
  0x000000001503e800 WatcherThread [stack: 0x0000000016e10000,0x0000000016f10000] [id=1744]

VM state:not at safepoint (normal execution)

VM Mutex/Monitor currently owned by a thread: None

Heap:
 PSYoungGen      total 70656K, used 20923K [0x00000000eab00000, 0x00000000ef500000, 0x0000000100000000)
  eden space 65536K, 24% used [0x00000000eab00000,0x00000000eba76c30,0x00000000eeb00000)
  from space 5120K, 99% used [0x00000000ef000000,0x00000000ef4f8028,0x00000000ef500000)
  to   space 5120K, 0% used [0x00000000eeb00000,0x00000000eeb00000,0x00000000ef000000)
 ParOldGen       total 86016K, used 7026K [0x00000000c0000000, 0x00000000c5400000, 0x00000000eab00000)
  object space 86016K, 8% used [0x00000000c0000000,0x00000000c06dcac0,0x00000000c5400000)
 Metaspace       used 5699K, capacity 7088K, committed 7296K, reserved 1056768K
  class space    used 554K, capacity 616K, committed 640K, reserved 1048576K

Card table byte_map: [0x0000000011cd0000,0x0000000011ee0000] byte_map_base: 0x00000000116d0000

Marking Bits: (ParMarkBitMap*) 0x0000000052d4a5b0
 Begin Bits: [0x0000000012440000, 0x0000000013440000)
 End Bits:   [0x0000000013440000, 0x0000000014440000)

Polling page: 0x0000000000c70000

CodeCache: size=245760Kb used=7890Kb max_used=7896Kb free=237869Kb
 bounds [0x0000000002910000, 0x00000000030e0000, 0x0000000011910000]
 total_blobs=1968 nmethods=1703 adapters=178
 compilation: enabled

Compilation events (10 events):
Event: 8.193 Thread 0x0000000015031800 1704       3       com.android.dx.dex.code.StdCatchBuilder::<init> (62 bytes)
Event: 8.193 Thread 0x0000000015031800 nmethod 1704 0x00000000030bd010 code [0x00000000030bd1c0, 0x00000000030bd688]
Event: 8.193 Thread 0x0000000015031800 1705       3       com.android.dx.dex.code.OutputCollector::getFinisher (26 bytes)
Event: 8.193 Thread 0x0000000015031800 nmethod 1705 0x00000000030b0950 code [0x00000000030b0ae0, 0x00000000030b0d78]
Event: 8.193 Thread 0x0000000015031800 1706       3       com.android.dx.dex.code.OutputCollector::appendSuffixToOutput (45 bytes)
Event: 8.194 Thread 0x0000000015031800 nmethod 1706 0x00000000030cb7d0 code [0x00000000030cb9e0, 0x00000000030cc4b8]
Event: 8.194 Thread 0x0000000015031800 1707       3       com.android.dx.dex.code.DalvCode::<init> (68 bytes)
Event: 8.195 Thread 0x0000000015031800 nmethod 1707 0x00000000030bc8d0 code [0x00000000030bca60, 0x00000000030bce78]
Event: 8.196 Thread 0x0000000015031800 1708       3       com.android.dx.rop.code.Rops::opIfNe (17 bytes)
Event: 8.196 Thread 0x0000000015031800 nmethod 1708 0x00000000030be490 code [0x00000000030be600, 0x00000000030be788]

GC Heap History (4 events):
Event: 3.190 GC heap before
{Heap before GC invocations=1 (full 0):
 PSYoungGen      total 37888K, used 32768K [0x00000000eab00000, 0x00000000ed500000, 0x0000000100000000)
  eden space 32768K, 100% used [0x00000000eab00000,0x00000000ecb00000,0x00000000ecb00000)
  from space 5120K, 0% used [0x00000000ed000000,0x00000000ed000000,0x00000000ed500000)
  to   space 5120K, 0% used [0x00000000ecb00000,0x00000000ecb00000,0x00000000ed000000)
 ParOldGen       total 86016K, used 0K [0x00000000c0000000, 0x00000000c5400000, 0x00000000eab00000)
  object space 86016K, 0% used [0x00000000c0000000,0x00000000c0000000,0x00000000c5400000)
 Metaspace       used 5589K, capacity 6960K, committed 7040K, reserved 1056768K
  class space    used 553K, capacity 616K, committed 640K, reserved 1048576K
Event: 3.250 GC heap after
Heap after GC invocations=1 (full 0):
 PSYoungGen      total 37888K, used 5098K [0x00000000eab00000, 0x00000000ef500000, 0x0000000100000000)
  eden space 32768K, 0% used [0x00000000eab00000,0x00000000eab00000,0x00000000ecb00000)
  from space 5120K, 99% used [0x00000000ecb00000,0x00000000ecffaab8,0x00000000ed000000)
  to   space 5120K, 0% used [0x00000000ef000000,0x00000000ef000000,0x00000000ef500000)
 ParOldGen       total 86016K, used 1806K [0x00000000c0000000, 0x00000000c5400000, 0x00000000eab00000)
  object space 86016K, 2% used [0x00000000c0000000,0x00000000c01c3908,0x00000000c5400000)
 Metaspace       used 5589K, capacity 6960K, committed 7040K, reserved 1056768K
  class space    used 553K, capacity 616K, committed 640K, reserved 1048576K
}
Event: 6.734 GC heap before
{Heap before GC invocations=2 (full 0):
 PSYoungGen      total 37888K, used 37866K [0x00000000eab00000, 0x00000000ef500000, 0x0000000100000000)
  eden space 32768K, 100% used [0x00000000eab00000,0x00000000ecb00000,0x00000000ecb00000)
  from space 5120K, 99% used [0x00000000ecb00000,0x00000000ecffaab8,0x00000000ed000000)
  to   space 5120K, 0% used [0x00000000ef000000,0x00000000ef000000,0x00000000ef500000)
 ParOldGen       total 86016K, used 1806K [0x00000000c0000000, 0x00000000c5400000, 0x00000000eab00000)
  object space 86016K, 2% used [0x00000000c0000000,0x00000000c01c3908,0x00000000c5400000)
 Metaspace       used 5683K, capacity 7088K, committed 7296K, reserved 1056768K
  class space    used 554K, capacity 616K, committed 640K, reserved 1048576K
Event: 6.857 GC heap after
Heap after GC invocations=2 (full 0):
 PSYoungGen      total 70656K, used 5088K [0x00000000eab00000, 0x00000000ef500000, 0x0000000100000000)
  eden space 65536K, 0% used [0x00000000eab00000,0x00000000eab00000,0x00000000eeb00000)
  from space 5120K, 99% used [0x00000000ef000000,0x00000000ef4f8028,0x00000000ef500000)
  to   space 5120K, 0% used [0x00000000eeb00000,0x00000000eeb00000,0x00000000ef000000)
 ParOldGen       total 86016K, used 7026K [0x00000000c0000000, 0x00000000c5400000, 0x00000000eab00000)
  object space 86016K, 8% used [0x00000000c0000000,0x00000000c06dcac0,0x00000000c5400000)
 Metaspace       used 5683K, capacity 7088K, committed 7296K, reserved 1056768K
  class space    used 554K, capacity 616K, committed 640K, reserved 1048576K
}

Deoptimization events (10 events):
Event: 4.224 Thread 0x0000000002780800 Uncommon trap: reason=null_check action=make_not_entrant pc=0x0000000002c0726c method=com.android.dx.ssa.SsaRenamer.getLocalForNewReg(I)Lcom/android/dx/rop/code/LocalItem; @ 19
Event: 4.580 Thread 0x0000000002780800 Uncommon trap: reason=unstable_if action=reinterpret pc=0x0000000002ecb000 method=com.android.dx.rop.code.LocalItem.compareHandlesNulls(Lcom/android/dx/rop/cst/CstString;Lcom/android/dx/rop/cst/CstString;)I @ 14
Event: 4.860 Thread 0x0000000002780800 Uncommon trap: reason=unstable_if action=reinterpret pc=0x0000000002e96b68 method=com.android.dx.ssa.SCCP.simulateStmt(Lcom/android/dx/ssa/SsaInsn;)V @ 53
Event: 5.000 Thread 0x0000000002780800 Uncommon trap: reason=class_check action=maybe_recompile pc=0x0000000002fb8acc method=com.android.dx.cf.code.RopperMachine.run(Lcom/android/dx/cf/code/Frame;II)V @ 310
Event: 5.203 Thread 0x0000000002780800 Uncommon trap: reason=unloaded action=reinterpret pc=0x0000000002e8329c method=com.android.dx.cf.cst.ConstantPoolParser.parse0(ILjava/util/BitSet;)Lcom/android/dx/rop/cst/Constant; @ 220
Event: 5.214 Thread 0x0000000002780800 Uncommon trap: reason=unstable_if action=reinterpret pc=0x0000000002f7855c method=com.android.dx.cf.code.RopperMachine.jopToRopOpcode(ILcom/android/dx/rop/cst/Constant;)I @ 1044
Event: 7.491 Thread 0x0000000002780800 Uncommon trap: reason=unstable_if action=reinterpret pc=0x000000000304ac74 method=com.android.dx.cf.code.Ropper.processBlock(Lcom/android/dx/cf/code/ByteBlock;Lcom/android/dx/cf/code/Frame;[I)V @ 413
Event: 7.493 Thread 0x0000000002780800 Uncommon trap: reason=unstable_if action=reinterpret pc=0x0000000003004874 method=com.android.dx.rop.code.BasicBlockList.preferredSuccessorOf(Lcom/android/dx/rop/code/BasicBlock;)Lcom/android/dx/rop/code/BasicBlock; @ 58
Event: 7.670 Thread 0x0000000002780800 Uncommon trap: reason=unstable_if action=reinterpret pc=0x000000000308078c method=com.android.dx.cf.code.BaseMachine.popArgs(Lcom/android/dx/cf/code/Frame;I)V @ 15
Event: 8.003 Thread 0x0000000002780800 Uncommon trap: reason=unstable_if action=reinterpret pc=0x0000000002d26350 method=java.lang.String.<init>([CII)V @ 18

Internal exceptions (4 events):
Event: 0.064 Thread 0x0000000002780800 Exception <a 'java/lang/NoSuchMethodError': Method sun.misc.Unsafe.defineClass(Ljava/lang/String;[BII)Ljava/lang/Class; name or signature does not match> (0x00000000eab0d070) thrown at [C:\workspace\8-2-build-windows-amd64-cygwin\jdk8u65\4987\hotspot\src\sC0qœ2Z°?
Event: 0.064 Thread 0x0000000002780800 Exception <a 'java/lang/NoSuchMethodError': Method sun.misc.Unsafe.prefetchRead(Ljava/lang/Object;J)V name or signature does not match> (0x00000000eab0d358) thrown at [C:\workspace\8-2-build-windows-amd64-cygwin\jdk8u65\4987\hotspot\src\share\vm\prims\jni.m(Å\å@
Event: 4.224 Thread 0x0000000002780800 Implicit null exception at 0x0000000002c05952 to 0x0000000002c07221
Event: 4.580 Thread 0x0000000002780800 Implicit null exception at 0x0000000002ec9edb to 0x0000000002ecafc5

Events (10 events):
Event: 7.493 Thread 0x0000000002780800 DEOPT PACKING pc=0x0000000003004874 sp=0x000000000267eab0
Event: 7.493 Thread 0x0000000002780800 DEOPT UNPACKING pc=0x000000000295582a sp=0x000000000267ea38 mode 2
Event: 7.670 Thread 0x0000000002780800 Uncommon trap: trap_request=0xffffff65 fr.pc=0x000000000308078c
Event: 7.670 Thread 0x0000000002780800 DEOPT PACKING pc=0x000000000308078c sp=0x000000000267e570
Event: 7.670 Thread 0x0000000002780800 DEOPT UNPACKING pc=0x000000000295582a sp=0x000000000267e518 mode 2
Event: 8.003 Thread 0x0000000002780800 Uncommon trap: trap_request=0xffffff65 fr.pc=0x0000000002d26350
Event: 8.003 Thread 0x0000000002780800 DEOPT PACKING pc=0x0000000002d26350 sp=0x000000000267e730
Event: 8.003 Thread 0x0000000002780800 DEOPT UNPACKING pc=0x000000000295582a sp=0x000000000267e660 mode 2
Event: 8.128 Thread 0x0000000002780800 DEOPT PACKING pc=0x0000000002d52fd8 sp=0x000000000267e8c0
Event: 8.128 Thread 0x0000000002780800 DEOPT UNPACKING pc=0x000000000295787f sp=0x000000000267e6f0 mode 0


Dynamic libraries:
0x00007ff71ae00000 - 0x00007ff71ae37000 	C:\PROGRA~3\Oracle\Java\javapath\java.exe
0x00007ffda9d10000 - 0x00007ffda9ed1000 	C:\WINDOWS\SYSTEM32\ntdll.dll
0x00007ffda81e0000 - 0x00007ffda828d000 	C:\WINDOWS\system32\KERNEL32.DLL
0x00007ffda7200000 - 0x00007ffda73dd000 	C:\WINDOWS\system32\KERNELBASE.dll
0x00007ffda74e0000 - 0x00007ffda7586000 	C:\WINDOWS\system32\ADVAPI32.dll
0x00007ffda73e0000 - 0x00007ffda747d000 	C:\WINDOWS\system32\msvcrt.dll
0x00007ffda7480000 - 0x00007ffda74db000 	C:\WINDOWS\system32\sechost.dll
0x00007ffda7b40000 - 0x00007ffda7c66000 	C:\WINDOWS\system32\RPCRT4.dll
0x00007ffda8090000 - 0x00007ffda81de000 	C:\WINDOWS\system32\USER32.dll
0x00007ffda7c70000 - 0x00007ffda7df6000 	C:\WINDOWS\system32\GDI32.dll
0x00007ffda1830000 - 0x00007ffda1aa4000 	C:\WINDOWS\WinSxS\amd64_microsoft.windows.common-controls_6595b64144ccf1df_6.0.10240.16384_none_f41f7b285750ef43\COMCTL32.dll
0x00007ffda83b0000 - 0x00007ffda83e6000 	C:\WINDOWS\system32\IMM32.DLL
0x00007ffda79e0000 - 0x00007ffda7b3c000 	C:\WINDOWS\system32\MSCTF.dll
0x00007ffd93ef0000 - 0x00007ffd93f69000 	C:\Program Files (x86)\AVG\Av\avghooka.dll
0x0000000052dd0000 - 0x0000000052ea2000 	C:\Program Files\Java\jre1.8.0_65\bin\msvcr100.dll
0x0000000052540000 - 0x0000000052dc9000 	C:\Program Files\Java\jre1.8.0_65\bin\server\jvm.dll
0x00007ffda8410000 - 0x00007ffda8418000 	C:\WINDOWS\system32\PSAPI.DLL
0x00007ffd9e430000 - 0x00007ffd9e439000 	C:\WINDOWS\SYSTEM32\WSOCK32.dll
0x00007ffda8340000 - 0x00007ffda83a9000 	C:\WINDOWS\system32\WS2_32.dll
0x00007ffda79c0000 - 0x00007ffda79c8000 	C:\WINDOWS\system32\NSI.dll
0x00007ffda47f0000 - 0x00007ffda4813000 	C:\WINDOWS\SYSTEM32\WINMM.dll
0x00007ffda1780000 - 0x00007ffda178a000 	C:\WINDOWS\SYSTEM32\VERSION.dll
0x00007ffda47b0000 - 0x00007ffda47dc000 	C:\WINDOWS\SYSTEM32\WINMMBASE.dll
0x00007ffda67e0000 - 0x00007ffda6824000 	C:\WINDOWS\system32\cfgmgr32.dll
0x00007ffda50b0000 - 0x00007ffda50d7000 	C:\WINDOWS\SYSTEM32\DEVOBJ.dll
0x0000000052530000 - 0x000000005253f000 	C:\Program Files\Java\jre1.8.0_65\bin\verify.dll
0x0000000052500000 - 0x0000000052529000 	C:\Program Files\Java\jre1.8.0_65\bin\java.dll
0x00000000524e0000 - 0x00000000524f6000 	C:\Program Files\Java\jre1.8.0_65\bin\zip.dll
0x00007ffda8420000 - 0x00007ffda9942000 	C:\WINDOWS\system32\SHELL32.dll
0x00007ffda6940000 - 0x00007ffda6f68000 	C:\WINDOWS\system32\windows.storage.dll
0x00007ffda7740000 - 0x00007ffda79bc000 	C:\WINDOWS\system32\combase.dll
0x00007ffda7e00000 - 0x00007ffda7e51000 	C:\WINDOWS\system32\shlwapi.dll
0x00007ffda67b0000 - 0x00007ffda67bf000 	C:\WINDOWS\system32\kernel.appcore.dll
0x00007ffda7140000 - 0x00007ffda71f3000 	C:\WINDOWS\system32\shcore.dll
0x00007ffda6760000 - 0x00007ffda67aa000 	C:\WINDOWS\system32\powrprof.dll
0x00007ffda6740000 - 0x00007ffda6753000 	C:\WINDOWS\system32\profapi.dll

VM Arguments:
jvm_args: -Xmx1024M -Xss1m -Djava.ext.dirs=C:\Users\AliNa\AppData\Local\Android\sdk\build-tools\21.1.2\lib 
java_command: C:\Users\AliNa\AppData\Local\Android\sdk\build-tools\21.1.2\lib\dx.jar --dex --output C:\Users\AliNa\Documents\AndroidStudioProjects\Projecto\app\build\intermediates\pre-dexed\debug\gson-2.3-011873267e842e9a4e93e110763ec12f13faa273.jar C:\Users\AliNa\.gradle\caches\modules-2\files-2.1\com.google.code.gson\gson\2.3\5fc52c41ef0239d1093a1eb7c3697036183677ce\gson-2.3.jar
java_class_path (initial): C:\Users\AliNa\AppData\Local\Android\sdk\build-tools\21.1.2\lib\dx.jar
Launcher Type: SUN_STANDARD

Environment Variables:
PATH=C:\ProgramData\Oracle\Java\javapath;C:\WINDOWS\system32;C:\WINDOWS;C:\WINDOWS\System32\Wbem;C:\WINDOWS\System32\WindowsPowerShell\v1.0\;C:\Program Files (x86)\NVIDIA Corporation\PhysX\Common;C:\WINDOWS\system32\config\systemprofile\.dnx\bin;C:\Program Files\Microsoft DNX\Dnvm\;C:\Program Files (x86)\Skype\Phone\
USERNAME=AliNa
OS=Windows_NT
PROCESSOR_IDENTIFIER=Intel64 Family 6 Model 58 Stepping 9, GenuineIntel



---------------  S Y S T E M  ---------------

OS: Windows 10.0 , 64 bit Build 10240 (10.0.10240.16384)

CPU:total 4 (2 cores per cpu, 2 threads per core) family 6 model 58 stepping 9, cmov, cx8, fxsr, mmx, sse, sse2, sse3, ssse3, sse4.1, sse4.2, popcnt, avx, aes, clmul, erms, ht, tsc, tscinvbit, tscinv

Memory: 4k page, physical 8199448k(637636k free), swap 9248024k(3092k free)

vm_info: Java HotSpot(TM) 64-Bit Server VM (25.65-b01) for windows-amd64 JRE (1.8.0_65-b17), built on Oct  6 2015 16:39:20 by "java_re" with MS VC++ 10.0 (VS2010)

time: Tue Nov 03 17:39:18 2015
elapsed time: 8 seconds (0d 0h 0m 8s)

