#
# There is insufficient memory for the Java Runtime Environment to continue.
# Native memory allocation (malloc) failed to allocate 1683376 bytes for Chunk::new
# Possible reasons:
#   The system is out of physical RAM or swap space
#   In 32 bit mode, the process size limit was hit
# Possible solutions:
#   Reduce memory load on the system
#   Increase physical memory or swap space
#   Check if swap backing store is full
#   Use 64 bit Java on a 64 bit OS
#   Decrease Java heap size (-Xmx/-Xms)
#   Decrease number of Java threads
#   Decrease Java thread stack sizes (-Xss)
#   Set larger code cache with -XX:ReservedCodeCacheSize=
# This output file may be truncated or incomplete.
#
#  Out of Memory Error (allocation.cpp:390), pid=4864, tid=7352
#
# JRE version: Java(TM) SE Runtime Environment (8.0_65-b17) (build 1.8.0_65-b17)
# Java VM: Java HotSpot(TM) 64-Bit Server VM (25.65-b01 mixed mode windows-amd64 compressed oops)
# Failed to write core dump. Minidumps are not enabled by default on client versions of Windows
#

---------------  T H R E A D  ---------------

Current thread (0x00000000149fd800):  JavaThread "C2 CompilerThread0" daemon [_thread_in_native, id=7352, stack(0x0000000016040000,0x0000000016140000)]

Stack: [0x0000000016040000,0x0000000016140000]
[error occurred during error reporting (printing stack bounds), id 0xc0000005]

Native frames: (J=compiled Java code, j=interpreted, Vv=VM code, C=native code)


Current CompileTask:
C2:   8483 1659   !   4       com.android.dx.cf.code.BytecodeArray::parseInstruction (2764 bytes)


---------------  P R O C E S S  ---------------

Java Threads: ( => current thread )
  0x0000000016343800 JavaThread "Service Thread" daemon [_thread_blocked, id=8908, stack(0x0000000016740000,0x0000000016840000)]
  0x0000000014a5c000 JavaThread "C1 CompilerThread2" daemon [_thread_blocked, id=12160, stack(0x0000000016240000,0x0000000016340000)]
  0x00000000149ff800 JavaThread "C2 CompilerThread1" daemon [_thread_in_native, id=8892, stack(0x0000000016140000,0x0000000016240000)]
=>0x00000000149fd800 JavaThread "C2 CompilerThread0" daemon [_thread_in_native, id=7352, stack(0x0000000016040000,0x0000000016140000)]
  0x00000000149fa800 JavaThread "Attach Listener" daemon [_thread_blocked, id=11168, stack(0x0000000015f40000,0x0000000016040000)]
  0x00000000149f9800 JavaThread "Signal Dispatcher" daemon [_thread_blocked, id=11624, stack(0x0000000015e40000,0x0000000015f40000)]
  0x0000000002320800 JavaThread "Finalizer" daemon [_thread_blocked, id=9700, stack(0x0000000015c60000,0x0000000015d60000)]
  0x000000000231d800 JavaThread "Reference Handler" daemon [_thread_blocked, id=7312, stack(0x0000000015b60000,0x0000000015c60000)]
  0x0000000002230800 JavaThread "main" [_thread_in_Java, id=1680, stack(0x0000000001f70000,0x0000000002070000)]

Other Threads:
  0x00000000149c8000 VMThread [stack: 0x0000000015a60000,0x0000000015b60000] [id=7200]
  0x0000000016349800 WatcherThread [stack: 0x0000000016840000,0x0000000016940000] [id=11244]

VM state:not at safepoint (normal execution)

VM Mutex/Monitor currently owned by a thread: None

Heap:
 PSYoungGen      total 37888K, used 13127K [0x00000000eab00000, 0x00000000ed500000, 0x0000000100000000)
  eden space 32768K, 24% used [0x00000000eab00000,0x00000000eb2d6640,0x00000000ecb00000)
  from space 5120K, 99% used [0x00000000ed000000,0x00000000ed4fb640,0x00000000ed500000)
  to   space 5120K, 0% used [0x00000000ecb00000,0x00000000ecb00000,0x00000000ed000000)
 ParOldGen       total 86016K, used 6343K [0x00000000c0000000, 0x00000000c5400000, 0x00000000eab00000)
  object space 86016K, 7% used [0x00000000c0000000,0x00000000c0631db8,0x00000000c5400000)
 Metaspace       used 5706K, capacity 7088K, committed 7296K, reserved 1056768K
  class space    used 554K, capacity 616K, committed 640K, reserved 1048576K

Card table byte_map: [0x00000000116f0000,0x0000000011900000] byte_map_base: 0x00000000110f0000

Marking Bits: (ParMarkBitMap*) 0x0000000052d4a5b0
 Begin Bits: [0x0000000011e60000, 0x0000000012e60000)
 End Bits:   [0x0000000012e60000, 0x0000000013e60000)

Polling page: 0x0000000000770000

CodeCache: size=245760Kb used=7629Kb max_used=7647Kb free=238130Kb
 bounds [0x0000000002330000, 0x0000000002ac0000, 0x0000000011330000]
 total_blobs=1918 nmethods=1653 adapters=178
 compilation: enabled

Compilation events (10 events):
Event: 8.310 Thread 0x00000000149fd800 nmethod 1652% 0x0000000002a9b690 code [0x0000000002a9b8c0, 0x0000000002a9cd38]
Event: 8.310 Thread 0x00000000149fd800 1653       4       com.android.dx.ssa.Dominators::run (506 bytes)
Event: 8.356 Thread 0x0000000014a5c000 1656       3       com.android.dx.dex.cf.CfTranslator::translate0 (259 bytes)
Event: 8.361 Thread 0x0000000014a5c000 nmethod 1656 0x0000000002a96910 code [0x0000000002a96d80, 0x0000000002a999b8]
Event: 8.361 Thread 0x0000000014a5c000 1657   !   3       com.android.dx.cf.cst.ConstantPoolParser::determineOffsets (285 bytes)
Event: 8.363 Thread 0x0000000014a5c000 nmethod 1657 0x0000000002a9e950 code [0x0000000002a9ece0, 0x0000000002aa07d8]
Event: 8.363 Thread 0x0000000014a5c000 1658       3       com.android.dx.cf.cst.ConstantPoolParser::parse (365 bytes)
Event: 8.367 Thread 0x0000000014a5c000 nmethod 1658 0x0000000002aa1b90 code [0x0000000002aa2100, 0x0000000002aa5608]
Event: 8.395 Thread 0x00000000149fd800 nmethod 1653 0x0000000002aac190 code [0x0000000002aac420, 0x0000000002aae090]
Event: 8.395 Thread 0x00000000149fd800 1659   !   4       com.android.dx.cf.code.BytecodeArray::parseInstruction (2764 bytes)

GC Heap History (4 events):
Event: 3.966 GC heap before
{Heap before GC invocations=1 (full 0):
 PSYoungGen      total 37888K, used 32768K [0x00000000eab00000, 0x00000000ed500000, 0x0000000100000000)
  eden space 32768K, 100% used [0x00000000eab00000,0x00000000ecb00000,0x00000000ecb00000)
  from space 5120K, 0% used [0x00000000ed000000,0x00000000ed000000,0x00000000ed500000)
  to   space 5120K, 0% used [0x00000000ecb00000,0x00000000ecb00000,0x00000000ed000000)
 ParOldGen       total 86016K, used 0K [0x00000000c0000000, 0x00000000c5400000, 0x00000000eab00000)
  object space 86016K, 0% used [0x00000000c0000000,0x00000000c0000000,0x00000000c5400000)
 Metaspace       used 5614K, capacity 7024K, committed 7296K, reserved 1056768K
  class space    used 553K, capacity 616K, committed 640K, reserved 1048576K
Event: 3.983 GC heap after
Heap after GC invocations=1 (full 0):
 PSYoungGen      total 37888K, used 5098K [0x00000000eab00000, 0x00000000ed500000, 0x0000000100000000)
  eden space 32768K, 0% used [0x00000000eab00000,0x00000000eab00000,0x00000000ecb00000)
  from space 5120K, 99% used [0x00000000ecb00000,0x00000000ecffaab8,0x00000000ed000000)
  to   space 5120K, 0% used [0x00000000ed000000,0x00000000ed000000,0x00000000ed500000)
 ParOldGen       total 86016K, used 1773K [0x00000000c0000000, 0x00000000c5400000, 0x00000000eab00000)
  object space 86016K, 2% used [0x00000000c0000000,0x00000000c01bb418,0x00000000c5400000)
 Metaspace       used 5614K, capacity 7024K, committed 7296K, reserved 1056768K
  class space    used 553K, capacity 616K, committed 640K, reserved 1048576K
}
Event: 7.424 GC heap before
{Heap before GC invocations=2 (full 0):
 PSYoungGen      total 37888K, used 37866K [0x00000000eab00000, 0x00000000ed500000, 0x0000000100000000)
  eden space 32768K, 100% used [0x00000000eab00000,0x00000000ecb00000,0x00000000ecb00000)
  from space 5120K, 99% used [0x00000000ecb00000,0x00000000ecffaab8,0x00000000ed000000)
  to   space 5120K, 0% used [0x00000000ed000000,0x00000000ed000000,0x00000000ed500000)
 ParOldGen       total 86016K, used 1773K [0x00000000c0000000, 0x00000000c5400000, 0x00000000eab00000)
  object space 86016K, 2% used [0x00000000c0000000,0x00000000c01bb418,0x00000000c5400000)
 Metaspace       used 5678K, capacity 7024K, committed 7296K, reserved 1056768K
  class space    used 554K, capacity 616K, committed 640K, reserved 1048576K
Event: 7.594 GC heap after
Heap after GC invocations=2 (full 0):
 PSYoungGen      total 37888K, used 5101K [0x00000000eab00000, 0x00000000ed500000, 0x0000000100000000)
  eden space 32768K, 0% used [0x00000000eab00000,0x00000000eab00000,0x00000000ecb00000)
  from space 5120K, 99% used [0x00000000ed000000,0x00000000ed4fb640,0x00000000ed500000)
  to   space 5120K, 0% used [0x00000000ecb00000,0x00000000ecb00000,0x00000000ed000000)
 ParOldGen       total 86016K, used 6343K [0x00000000c0000000, 0x00000000c5400000, 0x00000000eab00000)
  object space 86016K, 7% used [0x00000000c0000000,0x00000000c0631db8,0x00000000c5400000)
 Metaspace       used 5678K, capacity 7024K, committed 7296K, reserved 1056768K
  class space    used 554K, capacity 616K, committed 640K, reserved 1048576K
}

Deoptimization events (10 events):
Event: 4.226 Thread 0x0000000002230800 Uncommon trap: reason=unstable_if action=reinterpret pc=0x000000000285e9f4 method=com.android.dx.ssa.SCCP.simulateBranch(Lcom/android/dx/ssa/SsaInsn;)V @ 548
Event: 6.226 Thread 0x0000000002230800 Uncommon trap: reason=unstable_if action=reinterpret pc=0x000000000273f8bc method=com.android.dx.util.IntList.binarysearch(I)I @ 105
Event: 6.227 Thread 0x0000000002230800 Uncommon trap: reason=unstable_if action=reinterpret pc=0x00000000029adacc method=com.android.dx.ssa.SsaBasicBlock.newFromRop(Lcom/android/dx/rop/code/RopMethod;ILcom/android/dx/ssa/SsaMethod;)Lcom/android/dx/ssa/SsaBasicBlock; @ 164
Event: 6.241 Thread 0x0000000002230800 Uncommon trap: reason=unstable_if action=reinterpret pc=0x00000000029a8d44 method=com.android.dx.ssa.SsaMethod.blockIndexToRopLabel(I)I @ 1
Event: 7.360 Thread 0x0000000002230800 Uncommon trap: reason=unstable_if action=reinterpret pc=0x0000000002857cdc method=com.android.dx.ssa.SsaRenamer$BlockRenamer.addMapping(ILcom/android/dx/rop/code/RegisterSpec;)V @ 120
Event: 7.418 Thread 0x0000000002230800 Uncommon trap: reason=unstable_if action=reinterpret pc=0x000000000281f684 method=com.android.dx.ssa.SsaRenamer$BlockRenamer.addMapping(ILcom/android/dx/rop/code/RegisterSpec;)V @ 120
Event: 7.761 Thread 0x0000000002230800 Uncommon trap: reason=bimorphic action=maybe_recompile pc=0x000000000283e6a4 method=com.android.dx.cf.code.BytecodeArray.parseInstruction(ILcom/android/dx/cf/code/BytecodeArray$Visitor;)I @ 1224
Event: 7.762 Thread 0x0000000002230800 Uncommon trap: reason=bimorphic action=maybe_recompile pc=0x000000000283e6a4 method=com.android.dx.cf.code.BytecodeArray.parseInstruction(ILcom/android/dx/cf/code/BytecodeArray$Visitor;)I @ 1224
Event: 7.763 Thread 0x0000000002230800 Uncommon trap: reason=bimorphic action=maybe_recompile pc=0x000000000283e6a4 method=com.android.dx.cf.code.BytecodeArray.parseInstruction(ILcom/android/dx/cf/code/BytecodeArray$Visitor;)I @ 1224
Event: 7.763 Thread 0x0000000002230800 Uncommon trap: reason=bimorphic action=maybe_recompile pc=0x000000000283e6a4 method=com.android.dx.cf.code.BytecodeArray.parseInstruction(ILcom/android/dx/cf/code/BytecodeArray$Visitor;)I @ 1224

Internal exceptions (4 events):
Event: 0.064 Thread 0x0000000002230800 Exception <a 'java/lang/NoSuchMethodError': Method sun.misc.Unsafe.defineClass(Ljava/lang/String;[BII)Ljava/lang/Class; name or signature does not match> (0x00000000eab0d448) thrown at [C:\workspace\8-2-build-windows-amd64-cygwin\jdk8u65\4987\hotspot\src\s':„)'r°?
Event: 0.064 Thread 0x0000000002230800 Exception <a 'java/lang/NoSuchMethodError': Method sun.misc.Unsafe.prefetchRead(Ljava/lang/Object;J)V name or signature does not match> (0x00000000eab0d730) thrown at [C:\workspace\8-2-build-windows-amd64-cygwin\jdk8u65\4987\hotspot\src\share\vm\prims\jni.	±Úq’0@
Event: 3.649 Thread 0x0000000002230800 Implicit null exception at 0x0000000002830351 to 0x00000000028317b9
Event: 3.937 Thread 0x0000000002230800 Implicit null exception at 0x00000000026c1f04 to 0x00000000026c2bd1

Events (10 events):
Event: 7.763 Thread 0x0000000002230800 Uncommon trap: trap_request=0xffffffc6 fr.pc=0x000000000283e6a4
Event: 7.763 Thread 0x0000000002230800 DEOPT PACKING pc=0x000000000283e6a4 sp=0x000000000206e740
Event: 7.763 Thread 0x0000000002230800 DEOPT UNPACKING pc=0x000000000237582a sp=0x000000000206e6c8 mode 2
Event: 7.763 Thread 0x0000000002230800 Uncommon trap: trap_request=0xffffffc6 fr.pc=0x000000000283e6a4
Event: 7.763 Thread 0x0000000002230800 DEOPT PACKING pc=0x000000000283e6a4 sp=0x000000000206e5a0
Event: 7.763 Thread 0x0000000002230800 DEOPT UNPACKING pc=0x000000000237582a sp=0x000000000206e528 mode 2
Event: 8.310 Thread 0x0000000002230800 DEOPT PACKING pc=0x00000000027a0d5d sp=0x000000000206e570
Event: 8.310 Thread 0x0000000002230800 DEOPT UNPACKING pc=0x000000000237787f sp=0x000000000206e3b0 mode 0
Event: 8.351 Thread 0x0000000002230800 DEOPT PACKING pc=0x00000000027ad6d8 sp=0x000000000206e860
Event: 8.351 Thread 0x0000000002230800 DEOPT UNPACKING pc=0x000000000237787f sp=0x000000000206e690 mode 0


Dynamic libraries:
0x00007ff71ae00000 - 0x00007ff71ae37000 	C:\PROGRA~3\Oracle\Java\javapath\java.exe
0x00007ffda9d10000 - 0x00007ffda9ed1000 	C:\WINDOWS\SYSTEM32\ntdll.dll
0x00007ffda81e0000 - 0x00007ffda828d000 	C:\WINDOWS\system32\KERNEL32.DLL
0x00007ffda7200000 - 0x00007ffda73dd000 	C:\WINDOWS\system32\KERNELBASE.dll
0x00007ffda74e0000 - 0x00007ffda7586000 	C:\WINDOWS\system32\ADVAPI32.dll
0x00007ffda73e0000 - 0x00007ffda747d000 	C:\WINDOWS\system32\msvcrt.dll
0x00007ffda7480000 - 0x00007ffda74db000 	C:\WINDOWS\system32\sechost.dll
0x00007ffda7b40000 - 0x00007ffda7c66000 	C:\WINDOWS\system32\RPCRT4.dll
0x00007ffda8090000 - 0x00007ffda81de000 	C:\WINDOWS\system32\USER32.dll
0x00007ffda7c70000 - 0x00007ffda7df6000 	C:\WINDOWS\system32\GDI32.dll
0x00007ffda1830000 - 0x00007ffda1aa4000 	C:\WINDOWS\WinSxS\amd64_microsoft.windows.common-controls_6595b64144ccf1df_6.0.10240.16384_none_f41f7b285750ef43\COMCTL32.dll
0x00007ffda83b0000 - 0x00007ffda83e6000 	C:\WINDOWS\system32\IMM32.DLL
0x00007ffda79e0000 - 0x00007ffda7b3c000 	C:\WINDOWS\system32\MSCTF.dll
0x00007ffd93ef0000 - 0x00007ffd93f69000 	C:\Program Files (x86)\AVG\Av\avghooka.dll
0x0000000052dd0000 - 0x0000000052ea2000 	C:\Program Files\Java\jre1.8.0_65\bin\msvcr100.dll
0x0000000052540000 - 0x0000000052dc9000 	C:\Program Files\Java\jre1.8.0_65\bin\server\jvm.dll
0x00007ffda8410000 - 0x00007ffda8418000 	C:\WINDOWS\system32\PSAPI.DLL
0x00007ffd9e430000 - 0x00007ffd9e439000 	C:\WINDOWS\SYSTEM32\WSOCK32.dll
0x00007ffda8340000 - 0x00007ffda83a9000 	C:\WINDOWS\system32\WS2_32.dll
0x00007ffda79c0000 - 0x00007ffda79c8000 	C:\WINDOWS\system32\NSI.dll
0x00007ffda47f0000 - 0x00007ffda4813000 	C:\WINDOWS\SYSTEM32\WINMM.dll
0x00007ffda1780000 - 0x00007ffda178a000 	C:\WINDOWS\SYSTEM32\VERSION.dll
0x00007ffda47b0000 - 0x00007ffda47dc000 	C:\WINDOWS\SYSTEM32\WINMMBASE.dll
0x00007ffda67e0000 - 0x00007ffda6824000 	C:\WINDOWS\system32\cfgmgr32.dll
0x00007ffda50b0000 - 0x00007ffda50d7000 	C:\WINDOWS\SYSTEM32\DEVOBJ.dll
0x0000000052530000 - 0x000000005253f000 	C:\Program Files\Java\jre1.8.0_65\bin\verify.dll
0x0000000052500000 - 0x0000000052529000 	C:\Program Files\Java\jre1.8.0_65\bin\java.dll
0x00000000524e0000 - 0x00000000524f6000 	C:\Program Files\Java\jre1.8.0_65\bin\zip.dll
0x00007ffda8420000 - 0x00007ffda9942000 	C:\WINDOWS\system32\SHELL32.dll
0x00007ffda6940000 - 0x00007ffda6f68000 	C:\WINDOWS\system32\windows.storage.dll
0x00007ffda7740000 - 0x00007ffda79bc000 	C:\WINDOWS\system32\combase.dll
0x00007ffda7e00000 - 0x00007ffda7e51000 	C:\WINDOWS\system32\shlwapi.dll
0x00007ffda67b0000 - 0x00007ffda67bf000 	C:\WINDOWS\system32\kernel.appcore.dll
0x00007ffda7140000 - 0x00007ffda71f3000 	C:\WINDOWS\system32\shcore.dll
0x00007ffda6760000 - 0x00007ffda67aa000 	C:\WINDOWS\system32\powrprof.dll
0x00007ffda6740000 - 0x00007ffda6753000 	C:\WINDOWS\system32\profapi.dll

VM Arguments:
jvm_args: -Xmx1024M -Xss1m -Djava.ext.dirs=C:\Users\AliNa\AppData\Local\Android\sdk\build-tools\21.1.2\lib 
java_command: C:\Users\AliNa\AppData\Local\Android\sdk\build-tools\21.1.2\lib\dx.jar --dex --output C:\Users\AliNa\Documents\AndroidStudioProjects\Projecto\app\build\intermediates\pre-dexed\debug\ion-2.1.6-07046c43549fae2dfd7129abe392c93fef19aab5.jar C:\Users\AliNa\.gradle\caches\modules-2\files-2.1\com.koushikdutta.ion\ion\2.1.6\cd55ef3ba6d8b62838b658ba2507b019dffb3a08\ion-2.1.6.jar
java_class_path (initial): C:\Users\AliNa\AppData\Local\Android\sdk\build-tools\21.1.2\lib\dx.jar
Launcher Type: SUN_STANDARD

Environment Variables:
PATH=C:\ProgramData\Oracle\Java\javapath;C:\WINDOWS\system32;C:\WINDOWS;C:\WINDOWS\System32\Wbem;C:\WINDOWS\System32\WindowsPowerShell\v1.0\;C:\Program Files (x86)\NVIDIA Corporation\PhysX\Common;C:\WINDOWS\system32\config\systemprofile\.dnx\bin;C:\Program Files\Microsoft DNX\Dnvm\;C:\Program Files (x86)\Skype\Phone\
USERNAME=AliNa
OS=Windows_NT
PROCESSOR_IDENTIFIER=Intel64 Family 6 Model 58 Stepping 9, GenuineIntel



---------------  S Y S T E M  ---------------

OS: Windows 10.0 , 64 bit Build 10240 (10.0.10240.16384)

CPU:total 4 (2 cores per cpu, 2 threads per core) family 6 model 58 stepping 9, cmov, cx8, fxsr, mmx, sse, sse2, sse3, ssse3, sse4.1, sse4.2, popcnt, avx, aes, clmul, erms, ht, tsc, tscinvbit, tscinv

Memory: 4k page, physical 8199448k(568524k free), swap 9248024k(6760k free)

vm_info: Java HotSpot(TM) 64-Bit Server VM (25.65-b01) for windows-amd64 JRE (1.8.0_65-b17), built on Oct  6 2015 16:39:20 by "java_re" with MS VC++ 10.0 (VS2010)

time: Tue Nov 03 17:38:11 2015
elapsed time: 8 seconds (0d 0h 0m 8s)

