#
# There is insufficient memory for the Java Runtime Environment to continue.
# Native memory allocation (malloc) failed to allocate 32744 bytes for ChunkPool::allocate
# Possible reasons:
#   The system is out of physical RAM or swap space
#   In 32 bit mode, the process size limit was hit
# Possible solutions:
#   Reduce memory load on the system
#   Increase physical memory or swap space
#   Check if swap backing store is full
#   Use 64 bit Java on a 64 bit OS
#   Decrease Java heap size (-Xmx/-Xms)
#   Decrease number of Java threads
#   Decrease Java thread stack sizes (-Xss)
#   Set larger code cache with -XX:ReservedCodeCacheSize=
# This output file may be truncated or incomplete.
#
#  Out of Memory Error (allocation.cpp:273), pid=10996, tid=7308
#
# JRE version: Java(TM) SE Runtime Environment (8.0_65-b17) (build 1.8.0_65-b17)
# Java VM: Java HotSpot(TM) 64-Bit Server VM (25.65-b01 mixed mode windows-amd64 compressed oops)
# Failed to write core dump. Minidumps are not enabled by default on client versions of Windows
#

---------------  T H R E A D  ---------------

Current thread (0x0000000014bcd800):  JavaThread "C2 CompilerThread1" daemon [_thread_in_native, id=7308, stack(0x00000000162c0000,0x00000000163c0000)]

Stack: [0x00000000162c0000,0x00000000163c0000]
[error occurred during error reporting (printing stack bounds), id 0xc0000005]

Native frames: (J=compiled Java code, j=interpreted, Vv=VM code, C=native code)


Current CompileTask:
C2:   6119 1191   !   4       com.android.dx.cf.code.BytecodeArray::parseInstruction (2764 bytes)


---------------  P R O C E S S  ---------------

Java Threads: ( => current thread )
  0x0000000014bd6800 JavaThread "Service Thread" daemon [_thread_blocked, id=116, stack(0x00000000164c0000,0x00000000165c0000)]
  0x0000000014bd4000 JavaThread "C1 CompilerThread2" daemon [_thread_blocked, id=2188, stack(0x00000000163c0000,0x00000000164c0000)]
=>0x0000000014bcd800 JavaThread "C2 CompilerThread1" daemon [_thread_in_native, id=7308, stack(0x00000000162c0000,0x00000000163c0000)]
  0x0000000014b7d800 JavaThread "C2 CompilerThread0" daemon [_thread_blocked, id=6832, stack(0x00000000161c0000,0x00000000162c0000)]
  0x0000000014b7a800 JavaThread "Attach Listener" daemon [_thread_blocked, id=7772, stack(0x00000000160c0000,0x00000000161c0000)]
  0x0000000014b7a000 JavaThread "Signal Dispatcher" daemon [_thread_blocked, id=8752, stack(0x0000000015fc0000,0x00000000160c0000)]
  0x00000000024a1000 JavaThread "Finalizer" daemon [_thread_blocked, id=4652, stack(0x0000000015de0000,0x0000000015ee0000)]
  0x000000000249e800 JavaThread "Reference Handler" daemon [_thread_blocked, id=2616, stack(0x0000000015ce0000,0x0000000015de0000)]
  0x00000000023b0800 JavaThread "main" [_thread_in_Java, id=10472, stack(0x0000000002140000,0x0000000002240000)]

Other Threads:
  0x0000000014b47000 VMThread [stack: 0x0000000015be0000,0x0000000015ce0000] [id=11448]
  0x00000000165c2000 WatcherThread [stack: 0x00000000169c0000,0x0000000016ac0000] [id=10036]

VM state:not at safepoint (normal execution)

VM Mutex/Monitor currently owned by a thread: None

Heap:
 PSYoungGen      total 37888K, used 25579K [0x00000000eab00000, 0x00000000ed500000, 0x0000000100000000)
  eden space 32768K, 78% used [0x00000000eab00000,0x00000000ec3faca0,0x00000000ecb00000)
  from space 5120K, 0% used [0x00000000ed000000,0x00000000ed000000,0x00000000ed500000)
  to   space 5120K, 0% used [0x00000000ecb00000,0x00000000ecb00000,0x00000000ed000000)
 ParOldGen       total 86016K, used 0K [0x00000000c0000000, 0x00000000c5400000, 0x00000000eab00000)
  object space 86016K, 0% used [0x00000000c0000000,0x00000000c0000000,0x00000000c5400000)
 Metaspace       used 5497K, capacity 6896K, committed 7040K, reserved 1056768K
  class space    used 551K, capacity 616K, committed 640K, reserved 1048576K

Card table byte_map: [0x0000000011870000,0x0000000011a80000] byte_map_base: 0x0000000011270000

Marking Bits: (ParMarkBitMap*) 0x0000000052d4a5b0
 Begin Bits: [0x0000000011fe0000, 0x0000000012fe0000)
 End Bits:   [0x0000000012fe0000, 0x0000000013fe0000)

Polling page: 0x0000000000870000

CodeCache: size=245760Kb used=5068Kb max_used=5079Kb free=240691Kb
 bounds [0x00000000024b0000, 0x00000000029b0000, 0x00000000114b0000]
 total_blobs=1478 nmethods=1213 adapters=178
 compilation: enabled

Compilation events (10 events):
Event: 6.033 Thread 0x0000000014bd4000 1210       3       com.android.dx.cf.code.LocalVariableList::concat (97 bytes)
Event: 6.035 Thread 0x0000000014bd4000 nmethod 1210 0x00000000029a0910 code [0x00000000029a0c40, 0x00000000029a2988]
Event: 6.037 Thread 0x0000000014bd4000 1211       3       com.android.dx.dex.file.ValueEncoder::addContents (75 bytes)
Event: 6.039 Thread 0x0000000014bd4000 nmethod 1211 0x0000000002992110 code [0x00000000029923c0, 0x0000000002993a38]
Event: 6.039 Thread 0x0000000014bd4000 1212       3       com.android.dx.cf.code.Simulator$SimVisitor::checkReturnType (64 bytes)
Event: 6.040 Thread 0x0000000014bd4000 nmethod 1212 0x00000000029a3e90 code [0x00000000029a40e0, 0x00000000029a4e68]
Event: 6.042 Thread 0x0000000014bd4000 1213       3       com.android.dx.rop.type.Prototype::compareTo (120 bytes)
Event: 6.043 Thread 0x0000000014bd4000 nmethod 1213 0x00000000029a5490 code [0x00000000029a56a0, 0x00000000029a6538]
Event: 6.044 Thread 0x0000000014b7d800 1214       4       com.android.dx.util.ByteArray$MyInputStream::read (40 bytes)
Event: 6.045 Thread 0x0000000014b7d800 nmethod 1214 0x0000000002991d90 code [0x0000000002991ee0, 0x0000000002991fb8]

GC Heap History (0 events):
No events

Deoptimization events (9 events):
Event: 2.408 Thread 0x00000000023b0800 Uncommon trap: reason=unstable_if action=reinterpret pc=0x00000000026a499c method=java.util.HashMap.getNode(ILjava/lang/Object;)Ljava/util/HashMap$Node; @ 129
Event: 2.761 Thread 0x00000000023b0800 Uncommon trap: reason=class_check action=maybe_recompile pc=0x000000000275ce30 method=com.android.dx.ssa.NormalSsaInsn.accept(Lcom/android/dx/ssa/SsaInsn$Visitor;)V @ 9
Event: 2.761 Thread 0x00000000023b0800 Uncommon trap: reason=class_check action=maybe_recompile pc=0x000000000275ce30 method=com.android.dx.ssa.NormalSsaInsn.accept(Lcom/android/dx/ssa/SsaInsn$Visitor;)V @ 9
Event: 2.761 Thread 0x00000000023b0800 Uncommon trap: reason=class_check action=maybe_recompile pc=0x000000000275ce30 method=com.android.dx.ssa.NormalSsaInsn.accept(Lcom/android/dx/ssa/SsaInsn$Visitor;)V @ 9
Event: 2.761 Thread 0x00000000023b0800 Uncommon trap: reason=class_check action=maybe_recompile pc=0x000000000275ce30 method=com.android.dx.ssa.NormalSsaInsn.accept(Lcom/android/dx/ssa/SsaInsn$Visitor;)V @ 9
Event: 2.773 Thread 0x00000000023b0800 Uncommon trap: reason=unstable_if action=reinterpret pc=0x00000000026a5870 method=java.util.BitSet.nextSetBit(I)I @ 87
Event: 4.749 Thread 0x00000000023b0800 Uncommon trap: reason=unstable_if action=reinterpret pc=0x00000000028423dc method=com.android.dx.rop.cst.Constant.compareTo(Lcom/android/dx/rop/cst/Constant;)I @ 12
Event: 5.803 Thread 0x00000000023b0800 Uncommon trap: reason=unstable_if action=reinterpret pc=0x0000000002843e6c method=com.android.dx.rop.code.RegisterSpecSet.put(Lcom/android/dx/rop/code/RegisterSpec;)V @ 77
Event: 5.804 Thread 0x00000000023b0800 Uncommon trap: reason=unstable_if action=reinterpret pc=0x0000000002859f60 method=com.android.dx.rop.code.RegisterSpecSet.put(Lcom/android/dx/rop/code/RegisterSpec;)V @ 77

Internal exceptions (2 events):
Event: 0.284 Thread 0x00000000023b0800 Exception <a 'java/lang/NoSuchMethodError': Method sun.misc.Unsafe.defineClass(Ljava/lang/String;[BII)Ljava/lang/Class; name or signature does not match> (0x00000000eab0d448) thrown at [C:\workspace\8-2-build-windows-amd64-cygwin\jdk8u65\4987\hotspot\src\s–Ôþèß2Ò?
Event: 0.284 Thread 0x00000000023b0800 Exception <a 'java/lang/NoSuchMethodError': Method sun.misc.Unsafe.prefetchRead(Ljava/lang/Object;J)V name or signature does not match> (0x00000000eab0d730) thrown at [C:\workspace\8-2-build-windows-amd64-cygwin\jdk8u65\4987\hotspot\src\share\vm\prims\jni.

Events (10 events):
Event: 5.012 loading class com/android/dx/cf/attrib/AttConstantValue
Event: 5.012 loading class com/android/dx/cf/attrib/AttConstantValue done
Event: 5.114 loading class com/android/dx/dex/file/FieldAnnotationStruct
Event: 5.114 loading class com/android/dx/dex/file/FieldAnnotationStruct done
Event: 5.803 Thread 0x00000000023b0800 Uncommon trap: trap_request=0xffffff65 fr.pc=0x0000000002843e6c
Event: 5.804 Thread 0x00000000023b0800 DEOPT PACKING pc=0x0000000002843e6c sp=0x000000000223e8c0
Event: 5.804 Thread 0x00000000023b0800 DEOPT UNPACKING pc=0x00000000024f582a sp=0x000000000223e848 mode 2
Event: 5.804 Thread 0x00000000023b0800 Uncommon trap: trap_request=0xffffff65 fr.pc=0x0000000002859f60
Event: 5.804 Thread 0x00000000023b0800 DEOPT PACKING pc=0x0000000002859f60 sp=0x000000000223e8b0
Event: 5.804 Thread 0x00000000023b0800 DEOPT UNPACKING pc=0x00000000024f582a sp=0x000000000223e7d0 mode 2


Dynamic libraries:
0x00007ff71ae00000 - 0x00007ff71ae37000 	C:\PROGRA~3\Oracle\Java\javapath\java.exe
0x00007ffda9d10000 - 0x00007ffda9ed1000 	C:\WINDOWS\SYSTEM32\ntdll.dll
0x00007ffda81e0000 - 0x00007ffda828d000 	C:\WINDOWS\system32\KERNEL32.DLL
0x00007ffda7200000 - 0x00007ffda73dd000 	C:\WINDOWS\system32\KERNELBASE.dll
0x00007ffda74e0000 - 0x00007ffda7586000 	C:\WINDOWS\system32\ADVAPI32.dll
0x00007ffda73e0000 - 0x00007ffda747d000 	C:\WINDOWS\system32\msvcrt.dll
0x00007ffda7480000 - 0x00007ffda74db000 	C:\WINDOWS\system32\sechost.dll
0x00007ffda7b40000 - 0x00007ffda7c66000 	C:\WINDOWS\system32\RPCRT4.dll
0x00007ffda8090000 - 0x00007ffda81de000 	C:\WINDOWS\system32\USER32.dll
0x00007ffda7c70000 - 0x00007ffda7df6000 	C:\WINDOWS\system32\GDI32.dll
0x00007ffda1830000 - 0x00007ffda1aa4000 	C:\WINDOWS\WinSxS\amd64_microsoft.windows.common-controls_6595b64144ccf1df_6.0.10240.16384_none_f41f7b285750ef43\COMCTL32.dll
0x00007ffda83b0000 - 0x00007ffda83e6000 	C:\WINDOWS\system32\IMM32.DLL
0x00007ffda79e0000 - 0x00007ffda7b3c000 	C:\WINDOWS\system32\MSCTF.dll
0x00007ffd93ef0000 - 0x00007ffd93f69000 	C:\Program Files (x86)\AVG\Av\avghooka.dll
0x0000000052dd0000 - 0x0000000052ea2000 	C:\Program Files\Java\jre1.8.0_65\bin\msvcr100.dll
0x0000000052540000 - 0x0000000052dc9000 	C:\Program Files\Java\jre1.8.0_65\bin\server\jvm.dll
0x00007ffda8410000 - 0x00007ffda8418000 	C:\WINDOWS\system32\PSAPI.DLL
0x00007ffd9e430000 - 0x00007ffd9e439000 	C:\WINDOWS\SYSTEM32\WSOCK32.dll
0x00007ffda8340000 - 0x00007ffda83a9000 	C:\WINDOWS\system32\WS2_32.dll
0x00007ffda79c0000 - 0x00007ffda79c8000 	C:\WINDOWS\system32\NSI.dll
0x00007ffda47f0000 - 0x00007ffda4813000 	C:\WINDOWS\SYSTEM32\WINMM.dll
0x00007ffda1780000 - 0x00007ffda178a000 	C:\WINDOWS\SYSTEM32\VERSION.dll
0x00007ffda47b0000 - 0x00007ffda47dc000 	C:\WINDOWS\SYSTEM32\WINMMBASE.dll
0x00007ffda67e0000 - 0x00007ffda6824000 	C:\WINDOWS\system32\cfgmgr32.dll
0x00007ffda50b0000 - 0x00007ffda50d7000 	C:\WINDOWS\SYSTEM32\DEVOBJ.dll
0x0000000052530000 - 0x000000005253f000 	C:\Program Files\Java\jre1.8.0_65\bin\verify.dll
0x0000000052500000 - 0x0000000052529000 	C:\Program Files\Java\jre1.8.0_65\bin\java.dll
0x00000000524e0000 - 0x00000000524f6000 	C:\Program Files\Java\jre1.8.0_65\bin\zip.dll
0x00007ffda8420000 - 0x00007ffda9942000 	C:\WINDOWS\system32\SHELL32.dll
0x00007ffda6940000 - 0x00007ffda6f68000 	C:\WINDOWS\system32\windows.storage.dll
0x00007ffda7740000 - 0x00007ffda79bc000 	C:\WINDOWS\system32\combase.dll
0x00007ffda7e00000 - 0x00007ffda7e51000 	C:\WINDOWS\system32\shlwapi.dll
0x00007ffda67b0000 - 0x00007ffda67bf000 	C:\WINDOWS\system32\kernel.appcore.dll
0x00007ffda7140000 - 0x00007ffda71f3000 	C:\WINDOWS\system32\shcore.dll
0x00007ffda6760000 - 0x00007ffda67aa000 	C:\WINDOWS\system32\powrprof.dll
0x00007ffda6740000 - 0x00007ffda6753000 	C:\WINDOWS\system32\profapi.dll

VM Arguments:
jvm_args: -Xmx1024M -Xss1m -Djava.ext.dirs=C:\Users\AliNa\AppData\Local\Android\sdk\build-tools\21.1.2\lib 
java_command: C:\Users\AliNa\AppData\Local\Android\sdk\build-tools\21.1.2\lib\dx.jar --dex --output C:\Users\AliNa\Documents\AndroidStudioProjects\Projecto\app\build\intermediates\pre-dexed\debug\gson-2.3-011873267e842e9a4e93e110763ec12f13faa273.jar C:\Users\AliNa\.gradle\caches\modules-2\files-2.1\com.google.code.gson\gson\2.3\5fc52c41ef0239d1093a1eb7c3697036183677ce\gson-2.3.jar
java_class_path (initial): C:\Users\AliNa\AppData\Local\Android\sdk\build-tools\21.1.2\lib\dx.jar
Launcher Type: SUN_STANDARD

Environment Variables:
PATH=C:\ProgramData\Oracle\Java\javapath;C:\WINDOWS\system32;C:\WINDOWS;C:\WINDOWS\System32\Wbem;C:\WINDOWS\System32\WindowsPowerShell\v1.0\;C:\Program Files (x86)\NVIDIA Corporation\PhysX\Common;C:\WINDOWS\system32\config\systemprofile\.dnx\bin;C:\Program Files\Microsoft DNX\Dnvm\;C:\Program Files (x86)\Skype\Phone\
USERNAME=AliNa
OS=Windows_NT
PROCESSOR_IDENTIFIER=Intel64 Family 6 Model 58 Stepping 9, GenuineIntel



---------------  S Y S T E M  ---------------

OS: Windows 10.0 , 64 bit Build 10240 (10.0.10240.16384)

CPU:total 4 (2 cores per cpu, 2 threads per core) family 6 model 58 stepping 9, cmov, cx8, fxsr, mmx, sse, sse2, sse3, ssse3, sse4.1, sse4.2, popcnt, avx, aes, clmul, erms, ht, tsc, tscinvbit, tscinv

Memory: 4k page, physical 8199448k(682396k free), swap 9248024k(5176k free)

vm_info: Java HotSpot(TM) 64-Bit Server VM (25.65-b01) for windows-amd64 JRE (1.8.0_65-b17), built on Oct  6 2015 16:39:20 by "java_re" with MS VC++ 10.0 (VS2010)

time: Tue Nov 03 17:40:03 2015
elapsed time: 6 seconds (0d 0h 0m 6s)

