#
# There is insufficient memory for the Java Runtime Environment to continue.
# Native memory allocation (malloc) failed to allocate 1643056 bytes for Chunk::new
# Possible reasons:
#   The system is out of physical RAM or swap space
#   In 32 bit mode, the process size limit was hit
# Possible solutions:
#   Reduce memory load on the system
#   Increase physical memory or swap space
#   Check if swap backing store is full
#   Use 64 bit Java on a 64 bit OS
#   Decrease Java heap size (-Xmx/-Xms)
#   Decrease number of Java threads
#   Decrease Java thread stack sizes (-Xss)
#   Set larger code cache with -XX:ReservedCodeCacheSize=
# This output file may be truncated or incomplete.
#
#  Out of Memory Error (allocation.cpp:390), pid=12224, tid=1212
#
# JRE version: Java(TM) SE Runtime Environment (8.0_65-b17) (build 1.8.0_65-b17)
# Java VM: Java HotSpot(TM) 64-Bit Server VM (25.65-b01 mixed mode windows-amd64 compressed oops)
# Failed to write core dump. Minidumps are not enabled by default on client versions of Windows
#

---------------  T H R E A D  ---------------

Current thread (0x0000000014d12000):  JavaThread "C2 CompilerThread1" daemon [_thread_in_native, id=1212, stack(0x0000000016440000,0x0000000016540000)]

Stack: [0x0000000016440000,0x0000000016540000]
[error occurred during error reporting (printing stack bounds), id 0xc0000005]

Native frames: (J=compiled Java code, j=interpreted, Vv=VM code, C=native code)


Current CompileTask:
C2:   9613 1441   !   4       com.android.dx.cf.code.BytecodeArray::parseInstruction (2764 bytes)


---------------  P R O C E S S  ---------------

Java Threads: ( => current thread )
  0x0000000014d6a000 JavaThread "Service Thread" daemon [_thread_blocked, id=11468, stack(0x0000000016640000,0x0000000016740000)]
  0x0000000014d58800 JavaThread "C1 CompilerThread2" daemon [_thread_blocked, id=6276, stack(0x0000000016540000,0x0000000016640000)]
=>0x0000000014d12000 JavaThread "C2 CompilerThread1" daemon [_thread_in_native, id=1212, stack(0x0000000016440000,0x0000000016540000)]
  0x0000000014d0d800 JavaThread "C2 CompilerThread0" daemon [_thread_in_native, id=11124, stack(0x0000000016340000,0x0000000016440000)]
  0x0000000014d0a800 JavaThread "Attach Listener" daemon [_thread_blocked, id=1096, stack(0x0000000016240000,0x0000000016340000)]
  0x0000000014d09800 JavaThread "Signal Dispatcher" daemon [_thread_blocked, id=10764, stack(0x0000000016140000,0x0000000016240000)]
  0x0000000002636000 JavaThread "Finalizer" daemon [_thread_blocked, id=8240, stack(0x0000000015f60000,0x0000000016060000)]
  0x000000000262f000 JavaThread "Reference Handler" daemon [_thread_blocked, id=10624, stack(0x0000000015e60000,0x0000000015f60000)]
  0x0000000002540800 JavaThread "main" [_thread_in_vm, id=11560, stack(0x0000000000d60000,0x0000000000e60000)]

Other Threads:
  0x0000000014cd6800 VMThread [stack: 0x0000000015d60000,0x0000000015e60000] [id=11592]
  0x0000000016761000 WatcherThread [stack: 0x0000000016b40000,0x0000000016c40000] [id=11572]

VM state:not at safepoint (normal execution)

VM Mutex/Monitor currently owned by a thread: None

Heap:
 PSYoungGen      total 37888K, used 16477K [0x00000000eab00000, 0x00000000ed500000, 0x0000000100000000)
  eden space 32768K, 34% used [0x00000000eab00000,0x00000000eb6178b0,0x00000000ecb00000)
  from space 5120K, 99% used [0x00000000ecb00000,0x00000000ecfffd20,0x00000000ed000000)
  to   space 5120K, 0% used [0x00000000ed000000,0x00000000ed000000,0x00000000ed500000)
 ParOldGen       total 86016K, used 1417K [0x00000000c0000000, 0x00000000c5400000, 0x00000000eab00000)
  object space 86016K, 1% used [0x00000000c0000000,0x00000000c01626d8,0x00000000c5400000)
 Metaspace       used 5628K, capacity 7024K, committed 7296K, reserved 1056768K
  class space    used 556K, capacity 616K, committed 640K, reserved 1048576K

Card table byte_map: [0x0000000011a00000,0x0000000011c10000] byte_map_base: 0x0000000011400000

Marking Bits: (ParMarkBitMap*) 0x00000000618ba5b0
 Begin Bits: [0x0000000012170000, 0x0000000013170000)
 End Bits:   [0x0000000013170000, 0x0000000014170000)

Polling page: 0x0000000000ad0000

CodeCache: size=245760Kb used=6661Kb max_used=6671Kb free=239098Kb
 bounds [0x0000000002640000, 0x0000000002cd0000, 0x0000000011640000]
 total_blobs=1704 nmethods=1439 adapters=178
 compilation: enabled

Compilation events (10 events):
Event: 9.541 Thread 0x0000000014d0d800 1436       4       com.android.dx.cf.code.ValueAwareMachine::run (1142 bytes)
Event: 9.541 Thread 0x0000000014d12000 1437       4       com.android.dx.cf.code.BaseMachine::storeResults (90 bytes)
Event: 9.550 Thread 0x0000000014d12000 nmethod 1437 0x0000000002ca3d90 code [0x0000000002ca3f20, 0x0000000002ca4438]
Event: 9.553 Thread 0x0000000014d12000 1438       4       com.android.dx.cf.iface.StdAttributeList::findFirst (44 bytes)
Event: 9.557 Thread 0x0000000014d12000 nmethod 1438 0x0000000002ca4a50 code [0x0000000002ca4ba0, 0x0000000002ca4e78]
Event: 9.559 Thread 0x0000000014d58800 1439       1       java.util.HashMap$Node::getKey (5 bytes)
Event: 9.559 Thread 0x0000000014d58800 nmethod 1439 0x0000000002ca63d0 code [0x0000000002ca6520, 0x0000000002ca6630]
Event: 9.560 Thread 0x0000000014d58800 1440       3       com.android.dx.dex.file.CodeItem::<init> (81 bytes)
Event: 9.560 Thread 0x0000000014d58800 nmethod 1440 0x0000000002ca5b50 code [0x0000000002ca5d00, 0x0000000002ca61f8]
Event: 9.560 Thread 0x0000000014d12000 1441   !   4       com.android.dx.cf.code.BytecodeArray::parseInstruction (2764 bytes)

GC Heap History (2 events):
Event: 4.933 GC heap before
{Heap before GC invocations=1 (full 0):
 PSYoungGen      total 37888K, used 32768K [0x00000000eab00000, 0x00000000ed500000, 0x0000000100000000)
  eden space 32768K, 100% used [0x00000000eab00000,0x00000000ecb00000,0x00000000ecb00000)
  from space 5120K, 0% used [0x00000000ed000000,0x00000000ed000000,0x00000000ed500000)
  to   space 5120K, 0% used [0x00000000ecb00000,0x00000000ecb00000,0x00000000ed000000)
 ParOldGen       total 86016K, used 0K [0x00000000c0000000, 0x00000000c5400000, 0x00000000eab00000)
  object space 86016K, 0% used [0x00000000c0000000,0x00000000c0000000,0x00000000c5400000)
 Metaspace       used 5590K, capacity 6960K, committed 7040K, reserved 1056768K
  class space    used 554K, capacity 616K, committed 640K, reserved 1048576K
Event: 5.132 GC heap after
Heap after GC invocations=1 (full 0):
 PSYoungGen      total 37888K, used 5119K [0x00000000eab00000, 0x00000000ed500000, 0x0000000100000000)
  eden space 32768K, 0% used [0x00000000eab00000,0x00000000eab00000,0x00000000ecb00000)
  from space 5120K, 99% used [0x00000000ecb00000,0x00000000ecfffd20,0x00000000ed000000)
  to   space 5120K, 0% used [0x00000000ed000000,0x00000000ed000000,0x00000000ed500000)
 ParOldGen       total 86016K, used 1417K [0x00000000c0000000, 0x00000000c5400000, 0x00000000eab00000)
  object space 86016K, 1% used [0x00000000c0000000,0x00000000c01626d8,0x00000000c5400000)
 Metaspace       used 5590K, capacity 6960K, committed 7040K, reserved 1056768K
  class space    used 554K, capacity 616K, committed 640K, reserved 1048576K
}

Deoptimization events (10 events):
Event: 5.278 Thread 0x0000000002540800 Uncommon trap: reason=unstable_if action=reinterpret pc=0x0000000002bb0d58 method=com.android.dx.rop.code.RegisterSpecSet.localItemToSpec(Lcom/android/dx/rop/code/LocalItem;)Lcom/android/dx/rop/code/RegisterSpec; @ 35
Event: 5.423 Thread 0x0000000002540800 Uncommon trap: reason=class_check action=maybe_recompile pc=0x00000000029d7f70 method=com.android.dx.rop.type.Type.equals(Ljava/lang/Object;)Z @ 8
Event: 5.432 Thread 0x0000000002540800 Uncommon trap: reason=class_check action=maybe_recompile pc=0x00000000029d7f70 method=com.android.dx.rop.type.Type.equals(Ljava/lang/Object;)Z @ 8
Event: 5.433 Thread 0x0000000002540800 Uncommon trap: reason=class_check action=maybe_recompile pc=0x00000000029d7f70 method=com.android.dx.rop.type.Type.equals(Ljava/lang/Object;)Z @ 8
Event: 5.434 Thread 0x0000000002540800 Uncommon trap: reason=class_check action=maybe_recompile pc=0x00000000029944c4 method=com.android.dx.rop.type.Type.equals(Ljava/lang/Object;)Z @ 8
Event: 5.437 Thread 0x0000000002540800 Uncommon trap: reason=unstable_if action=reinterpret pc=0x0000000002b1a838 method=com.android.dx.cf.code.Ropper.labelToResultIndex(I)I @ 34
Event: 5.439 Thread 0x0000000002540800 Uncommon trap: reason=bimorphic action=maybe_recompile pc=0x0000000002ba0474 method=com.android.dx.ssa.LiteralOpUpgrader.tryReplacingWithConstant(Lcom/android/dx/ssa/NormalSsaInsn;)Z @ 52
Event: 5.439 Thread 0x0000000002540800 Uncommon trap: reason=bimorphic action=maybe_recompile pc=0x0000000002ba0474 method=com.android.dx.ssa.LiteralOpUpgrader.tryReplacingWithConstant(Lcom/android/dx/ssa/NormalSsaInsn;)Z @ 52
Event: 5.455 Thread 0x0000000002540800 Uncommon trap: reason=unstable_if action=reinterpret pc=0x0000000002b22b14 method=com.android.dx.util.LabeledList.set(ILcom/android/dx/util/LabeledItem;)V @ 16
Event: 5.928 Thread 0x0000000002540800 Uncommon trap: reason=null_check action=make_not_entrant pc=0x0000000002c0e9cc method=com.android.dx.ssa.SsaRenamer.getLocalForNewReg(I)Lcom/android/dx/rop/code/LocalItem; @ 19

Internal exceptions (4 events):
Event: 0.100 Thread 0x0000000002540800 Exception <a 'java/lang/NoSuchMethodError': Method sun.misc.Unsafe.defineClass(Ljava/lang/String;[BII)Ljava/lang/Class; name or signature does not match> (0x00000000eab0d080) thrown at [C:\workspace\8-2-build-windows-amd64-cygwin\jdk8u65\4987\hotspot\src\sïoßé¥³¹?
Event: 0.100 Thread 0x0000000002540800 Exception <a 'java/lang/NoSuchMethodError': Method sun.misc.Unsafe.prefetchRead(Ljava/lang/Object;J)V name or signature does not match> (0x00000000eab0d368) thrown at [C:\workspace\8-2-build-windows-amd64-cygwin\jdk8u65\4987\hotspot\src\share\vm\prims\jni.î/ú!Øe@
Event: 4.849 Thread 0x0000000002540800 Implicit null exception at 0x0000000002af2c62 to 0x0000000002af2d61
Event: 5.928 Thread 0x0000000002540800 Implicit null exception at 0x0000000002c0b748 to 0x0000000002c0e979

Events (10 events):
Event: 5.439 Thread 0x0000000002540800 DEOPT PACKING pc=0x0000000002ba0474 sp=0x0000000000e5e980
Event: 5.440 Thread 0x0000000002540800 DEOPT UNPACKING pc=0x000000000268582a sp=0x0000000000e5e868 mode 2
Event: 5.455 Thread 0x0000000002540800 Uncommon trap: trap_request=0xffffff65 fr.pc=0x0000000002b22b14
Event: 5.455 Thread 0x0000000002540800 DEOPT PACKING pc=0x0000000002b22b14 sp=0x0000000000e5e7e0
Event: 5.455 Thread 0x0000000002540800 DEOPT UNPACKING pc=0x000000000268582a sp=0x0000000000e5e7c8 mode 2
Event: 5.911 loading class com/android/dx/cf/attrib/AttRuntimeInvisibleAnnotations
Event: 5.911 loading class com/android/dx/cf/attrib/AttRuntimeInvisibleAnnotations done
Event: 5.928 Thread 0x0000000002540800 Uncommon trap: trap_request=0xfffffff4 fr.pc=0x0000000002c0e9cc
Event: 5.928 Thread 0x0000000002540800 DEOPT PACKING pc=0x0000000002c0e9cc sp=0x0000000000e5e890
Event: 5.928 Thread 0x0000000002540800 DEOPT UNPACKING pc=0x000000000268582a sp=0x0000000000e5e660 mode 2


Dynamic libraries:
0x00007ff736d80000 - 0x00007ff736db7000 	C:\PROGRA~3\Oracle\Java\javapath\java.exe
0x00007ffc528c0000 - 0x00007ffc52a81000 	C:\WINDOWS\SYSTEM32\ntdll.dll
0x00007ffc50d10000 - 0x00007ffc50dbd000 	C:\WINDOWS\system32\KERNEL32.DLL
0x00007ffc4fdb0000 - 0x00007ffc4ff8d000 	C:\WINDOWS\system32\KERNELBASE.dll
0x00007ffc50ad0000 - 0x00007ffc50b76000 	C:\WINDOWS\system32\ADVAPI32.dll
0x00007ffc50f10000 - 0x00007ffc50fad000 	C:\WINDOWS\system32\msvcrt.dll
0x00007ffc50ff0000 - 0x00007ffc5104b000 	C:\WINDOWS\system32\sechost.dll
0x00007ffc50be0000 - 0x00007ffc50d06000 	C:\WINDOWS\system32\RPCRT4.dll
0x00007ffc50dc0000 - 0x00007ffc50f0e000 	C:\WINDOWS\system32\USER32.dll
0x00007ffc50550000 - 0x00007ffc506d6000 	C:\WINDOWS\system32\GDI32.dll
0x00007ffc4a310000 - 0x00007ffc4a584000 	C:\WINDOWS\WinSxS\amd64_microsoft.windows.common-controls_6595b64144ccf1df_6.0.10240.16384_none_f41f7b285750ef43\COMCTL32.dll
0x00007ffc50fb0000 - 0x00007ffc50fe6000 	C:\WINDOWS\system32\IMM32.DLL
0x00007ffc50160000 - 0x00007ffc502bc000 	C:\WINDOWS\system32\MSCTF.dll
0x00007ffc3cb90000 - 0x00007ffc3cc09000 	C:\Program Files (x86)\AVG\Av\avghooka.dll
0x0000000061940000 - 0x0000000061a12000 	C:\Program Files\Java\jre1.8.0_65\bin\msvcr100.dll
0x00000000610b0000 - 0x0000000061939000 	C:\Program Files\Java\jre1.8.0_65\bin\server\jvm.dll
0x00007ffc50540000 - 0x00007ffc50548000 	C:\WINDOWS\system32\PSAPI.DLL
0x00007ffc465d0000 - 0x00007ffc465d9000 	C:\WINDOWS\SYSTEM32\WSOCK32.dll
0x00007ffc51190000 - 0x00007ffc511f9000 	C:\WINDOWS\system32\WS2_32.dll
0x0000000000ac0000 - 0x0000000000ac8000 	C:\WINDOWS\system32\NSI.dll
0x00007ffc4d7f0000 - 0x00007ffc4d813000 	C:\WINDOWS\SYSTEM32\WINMM.dll
0x00007ffc4aec0000 - 0x00007ffc4aeca000 	C:\WINDOWS\SYSTEM32\VERSION.dll
0x00007ffc4d790000 - 0x00007ffc4d7bc000 	C:\WINDOWS\SYSTEM32\WINMMBASE.dll
0x00007ffc4f390000 - 0x00007ffc4f3d4000 	C:\WINDOWS\system32\cfgmgr32.dll
0x00007ffc4dc60000 - 0x00007ffc4dc87000 	C:\WINDOWS\SYSTEM32\DEVOBJ.dll
0x0000000061e90000 - 0x0000000061e9f000 	C:\Program Files\Java\jre1.8.0_65\bin\verify.dll
0x0000000061ce0000 - 0x0000000061d09000 	C:\Program Files\Java\jre1.8.0_65\bin\java.dll
0x0000000061090000 - 0x00000000610a6000 	C:\Program Files\Java\jre1.8.0_65\bin\zip.dll
0x00007ffc51210000 - 0x00007ffc52732000 	C:\WINDOWS\system32\SHELL32.dll
0x00007ffc4f5b0000 - 0x00007ffc4fbd8000 	C:\WINDOWS\system32\windows.storage.dll
0x00007ffc502c0000 - 0x00007ffc5053c000 	C:\WINDOWS\system32\combase.dll
0x00007ffc50b80000 - 0x00007ffc50bd1000 	C:\WINDOWS\system32\shlwapi.dll
0x00007ffc4f380000 - 0x00007ffc4f38f000 	C:\WINDOWS\system32\kernel.appcore.dll
0x00007ffc4f440000 - 0x00007ffc4f4f3000 	C:\WINDOWS\system32\shcore.dll
0x00007ffc4f330000 - 0x00007ffc4f37a000 	C:\WINDOWS\system32\powrprof.dll
0x00007ffc4f310000 - 0x00007ffc4f323000 	C:\WINDOWS\system32\profapi.dll

VM Arguments:
jvm_args: -Xmx1024M -Xss1m -Djava.ext.dirs=C:\Users\AliNa\AppData\Local\Android\sdk\build-tools\21.1.2\lib 
java_command: C:\Users\AliNa\AppData\Local\Android\sdk\build-tools\21.1.2\lib\dx.jar --dex --output C:\Users\AliNa\Documents\AndroidStudioProjects\Projecto\app\build\intermediates\pre-dexed\debug\classes-deada17972461b64dd1f7314001e24b732a05130.jar C:\Users\AliNa\Documents\AndroidStudioProjects\Projecto\app\build\intermediates\exploded-aar\com.android.support\support-v4\21.0.3\classes.jar
java_class_path (initial): C:\Users\AliNa\AppData\Local\Android\sdk\build-tools\21.1.2\lib\dx.jar
Launcher Type: SUN_STANDARD

Environment Variables:
PATH=C:\ProgramData\Oracle\Java\javapath;C:\WINDOWS\system32;C:\WINDOWS;C:\WINDOWS\System32\Wbem;C:\WINDOWS\System32\WindowsPowerShell\v1.0\;C:\Program Files (x86)\NVIDIA Corporation\PhysX\Common;C:\WINDOWS\system32\config\systemprofile\.dnx\bin;C:\Program Files\Microsoft DNX\Dnvm\;C:\Program Files (x86)\Skype\Phone\
USERNAME=AliNa
OS=Windows_NT
PROCESSOR_IDENTIFIER=Intel64 Family 6 Model 58 Stepping 9, GenuineIntel



---------------  S Y S T E M  ---------------

OS: Windows 10.0 , 64 bit Build 10240 (10.0.10240.16384)

CPU:total 4 (2 cores per cpu, 2 threads per core) family 6 model 58 stepping 9, cmov, cx8, fxsr, mmx, sse, sse2, sse3, ssse3, sse4.1, sse4.2, popcnt, avx, aes, clmul, erms, ht, tsc, tscinvbit, tscinv

Memory: 4k page, physical 8199448k(809124k free), swap 9248024k(5856k free)

vm_info: Java HotSpot(TM) 64-Bit Server VM (25.65-b01) for windows-amd64 JRE (1.8.0_65-b17), built on Oct  6 2015 16:39:20 by "java_re" with MS VC++ 10.0 (VS2010)

time: Tue Nov 03 23:52:54 2015
elapsed time: 9 seconds (0d 0h 0m 9s)

